#
# A fatal error has been detected by the Java Runtime Environment:
#
#  EXCEPTION_ACCESS_VIOLATION (0xc0000005) at pc=0x00007ffbf2e5dfdf, pid=15420, tid=23016
#
# JRE version: Java(TM) SE Runtime Environment (14.0+36) (build 14+36-1461)
# Java VM: Java HotSpot(TM) 64-Bit Server VM (14+36-1461, mixed mode, sharing, tiered, compressed oops, g1 gc, windows-amd64)
# Problematic frame:
# C  [ntdll.dll+0x2dfdf]
#
# No core dump will be written. Minidumps are not enabled by default on client versions of Windows
#
# If you would like to submit a bug report, please visit:
#   https://bugreport.java.com/bugreport/crash.jsp
# The crash happened outside the Java Virtual Machine in native code.
# See problematic frame for where to report the bug.
#

---------------  S U M M A R Y ------------

Command Line: -Dfile.encoding=windows-1250 -Duser.country=US -Duser.language=en -Duser.variant Main

Host: AMD FX-8370 Eight-Core Processor               , 8 cores, 23G,  Windows 10 , 64 bit Build 19041 (10.0.19041.804)
Time: Sun Mar 21 19:04:46 2021 Central Europe Standard Time elapsed time: 2 seconds (0d 0h 0m 2s)

---------------  T H R E A D  ---------------

Current thread (0x0000028ac283d000):  JavaThread "main" [_thread_in_native, id=23016, stack(0x000000cecfa00000,0x000000cecfb00000)]

Stack: [0x000000cecfa00000,0x000000cecfb00000],  sp=0x000000cecfafe5c0,  free space=1017k
Native frames: (J=compiled Java code, j=interpreted, Vv=VM code, C=native code)
C  [ntdll.dll+0x2dfdf]
C  [ntdll.dll+0x2b44d]
C  [ntdll.dll+0x1f44f]
C  [ntdll.dll+0x20b31]
C  [ntdll.dll+0x2beda]
C  [ntdll.dll+0x2b3c7]
C  [atio6axx.dll+0x1b8921c]

Java frames: (J=compiled Java code, j=interpreted, Vv=VM code)
j  org.lwjgl.opengl.GL20C.nglShaderSource(IIJJ)V+0
j  org.lwjgl.opengl.GL20C.glShaderSource(ILjava/lang/CharSequence;)V+38
j  org.lwjgl.opengl.GL20.glShaderSource(ILjava/lang/CharSequence;)V+2
j  Shaders.initShaders()V+47
j  Game.init(J)V+24
j  Main.main([Ljava/lang/String;)V+84
v  ~StubRoutines::call_stub

siginfo: EXCEPTION_ACCESS_VIOLATION (0xc0000005), writing address 0x0000028af066ae8a


Register to memory mapping:

RIP=0x00007ffbf2e5dfdf ntdll.dll
RAX=0x0000000000fa0000 is an unknown value
RBX=0x0000028ac2740000 points into unknown readable memory: 00 00 00 00 00 00 00 00
RCX=0x0000000000000010 is an unknown value
RDX=0x0000000000000001 is an unknown value
RSP=0x000000cecfafe5c0 is pointing into the stack for thread: 0x0000028ac283d000
RBP=0x000000cecfafe8b9 is pointing into the stack for thread: 0x0000028ac283d000
RSI=0x0000028af066ae80 is an unknown value
RDI=0x0000028ac2747e10 points into unknown readable memory: 00 00 00 00 00 00 00 00
R8 =0x0 is NULL
R9 =0x0000028aef6d0000 points into unknown readable memory: 00 00 00 00 00 00 00 00
R10=0x0 is NULL
R11=0x0000028af6da96b0 points into unknown readable memory: 60 3c 69 f0 8a 02 00 00
R12=0x0000000000000018 is an unknown value
R13=0x0000000000000201 is an unknown value
R14=0x0 is NULL
R15=0x0000028af0668e70 points into unknown readable memory: 00 00 00 00 00 00 00 00


Registers:
RAX=0x0000000000fa0000, RBX=0x0000028ac2740000, RCX=0x0000000000000010, RDX=0x0000000000000001
RSP=0x000000cecfafe5c0, RBP=0x000000cecfafe8b9, RSI=0x0000028af066ae80, RDI=0x0000028ac2747e10
R8 =0x0000000000000000, R9 =0x0000028aef6d0000, R10=0x0000000000000000, R11=0x0000028af6da96b0
R12=0x0000000000000018, R13=0x0000000000000201, R14=0x0000000000000000, R15=0x0000028af0668e70
RIP=0x00007ffbf2e5dfdf, EFLAGS=0x0000000000010202

Top of Stack: (sp=0x000000cecfafe5c0)
0x000000cecfafe5c0:   2c30202c30202c30 30202c30202c3020
0x000000cecfafe5d0:   0000000000000025 00007ffbf2e807b0
0x000000cecfafe5e0:   0000000000000032 00007ffbaa3efefa
0x000000cecfafe5f0:   000000cecfafe600 0000000000000201
0x000000cecfafe600:   0000000000000000 0000000000000000
0x000000cecfafe610:   0000000000000000 0000000000000001
0x000000cecfafe620:   0000028af0668e70 000000ce00000199
0x000000cecfafe630:   0000000000000018 0000000000000000
0x000000cecfafe640:   000000ce00000009 00007ffbaa3ef75f
0x000000cecfafe650:   0000000000000010 00000000000003ff
0x000000cecfafe660:   0000028af0668e70 000000cecfafe760
0x000000cecfafe670:   0000000000000000 00007ffbaa3eecb3
0x000000cecfafe680:   000000cecfafe760 000000cecfafe760
0x000000cecfafe690:   0000000000000000 0000000000000201
0x000000cecfafe6a0:   0000028af0693c60 202c30202c30202c
0x000000cecfafe6b0:   0000028ac2747e78 0000028ac2740150 

Instructions: (pc=0x00007ffbf2e5dfdf)
0x00007ffbf2e5dedf:   48 89 8b a0 02 00 00 48 89 8b a8 02 00 00 ff 83
0x00007ffbf2e5deef:   8c 02 00 00 81 bb 8c 02 00 00 00 10 00 00 72 41
0x00007ffbf2e5deff:   80 bb a2 01 00 00 02 75 0e 83 bb 90 02 00 00 10
0x00007ffbf2e5df0f:   b8 00 01 00 00 77 05 b8 10 00 00 00 39 83 84 02
0x00007ffbf2e5df1f:   00 00 76 11 81 fa 00 00 01 00 73 09 8d 04 12 89
0x00007ffbf2e5df2f:   83 88 02 00 00 89 bb 84 02 00 00 89 bb 8c 02 00
0x00007ffbf2e5df3f:   00 48 8b 8b 60 01 00 00 e8 e4 12 00 00 c6 44 24
0x00007ffbf2e5df4f:   30 00 f6 84 24 58 02 00 00 08 0f 84 24 12 00 00
0x00007ffbf2e5df5f:   4d 8d 46 f8 33 d2 48 8b 4c 24 48 e8 51 5d 07 00
0x00007ffbf2e5df6f:   e9 0f 12 00 00 49 8d 45 01 48 03 c0 49 89 0c c7
0x00007ffbf2e5df7f:   41 c6 47 0f 3f e9 93 fe ff ff 45 33 d2 45 8b c2
0x00007ffbf2e5df8f:   85 d2 41 0f 94 c0 44 89 84 24 68 02 00 00 44 89
0x00007ffbf2e5df9f:   84 24 9c 00 00 00 41 0f b6 47 0e 84 c0 74 1a 48
0x00007ffbf2e5dfaf:   c1 e0 10 4d 8b cf 49 81 e1 00 00 ff ff 4c 2b c8
0x00007ffbf2e5dfbf:   49 81 c1 00 00 01 00 eb 03 4c 8b cb 4c 89 64 24
0x00007ffbf2e5dfcf:   70 49 8b f5 48 c1 e6 04 49 03 f7 44 89 54 24 5c
0x00007ffbf2e5dfdf:   44 88 76 0a 44 88 56 0f 0f b7 83 8c 00 00 00 66
0x00007ffbf2e5dfef:   41 33 c5 66 89 46 0c 49 8b 51 28 49 3b d1 75 05
0x00007ffbf2e5dfff:   40 32 ff eb 40 48 8b fe 49 2b f9 48 c1 ef 10 48
0x00007ffbf2e5e00f:   ff c7 48 89 bc 24 88 01 00 00 48 81 ff fe 00 00
0x00007ffbf2e5e01f:   00 72 22 4c 89 54 24 28 4c 89 54 24 20 4c 8b c6
0x00007ffbf2e5e02f:   