#
# A fatal error has been detected by the Java Runtime Environment:
#
#  EXCEPTION_ACCESS_VIOLATION (0xc0000005) at pc=0x00007ffbf2e55bb6, pid=1952, tid=18180
#
# JRE version: Java(TM) SE Runtime Environment (14.0+36) (build 14+36-1461)
# Java VM: Java HotSpot(TM) 64-Bit Server VM (14+36-1461, mixed mode, sharing, tiered, compressed oops, g1 gc, windows-amd64)
# Problematic frame:
# C  [ntdll.dll+0x25bb6]
#
# No core dump will be written. Minidumps are not enabled by default on client versions of Windows
#
# If you would like to submit a bug report, please visit:
#   https://bugreport.java.com/bugreport/crash.jsp
#

---------------  S U M M A R Y ------------

Command Line: -javaagent:C:\Users\bezou\AppData\Local\JetBrains\IntelliJIdea2020.3\testAgent\intellij-coverage-agent-1.0.573.jar=C:\Users\bezou\AppData\Local\Temp\coverage7args -javaagent:C:\Program Files\JetBrains\IntelliJ IDEA 2019.3.4\lib\idea_rt.jar=59418:C:\Program Files\JetBrains\IntelliJ IDEA 2019.3.4\bin -Dfile.encoding=UTF-8 Main

Host: AMD FX-8370 Eight-Core Processor               , 8 cores, 23G,  Windows 10 , 64 bit Build 19041 (10.0.19041.804)
Time: Sun Mar 21 14:35:13 2021 Central Europe Standard Time elapsed time: 11 seconds (0d 0h 0m 11s)

---------------  T H R E A D  ---------------

Current thread (0x00000262b57ba800):  JavaThread "Reference Handler" daemon [_thread_in_vm, id=18180, stack(0x000000952fd00000,0x000000952fe00000)]

Stack: [0x000000952fd00000,0x000000952fe00000],  sp=0x000000952fdff030,  free space=1020k
Native frames: (J=compiled Java code, j=interpreted, Vv=VM code, C=native code)
C  [ntdll.dll+0x25bb6]
C  [ntdll.dll+0x247b1]
C  [ucrtbase.dll+0xf05b]
V  [jvm.dll+0x723af7]
C  0x00000262951cf417

Java frames: (J=compiled Java code, j=interpreted, Vv=VM code)
j  jdk.internal.misc.Unsafe.freeMemory0(J)V+0 java.base@14
j  jdk.internal.misc.Unsafe.freeMemory(J)V+14 java.base@14
j  java.nio.DirectByteBuffer$Deallocator.run()V+17 java.base@14
j  jdk.internal.ref.Cleaner.clean()V+12 java.base@14
j  java.lang.ref.Reference.processPendingReferences()V+54 java.base@14
j  java.lang.ref.Reference$ReferenceHandler.run()V+0 java.base@14
v  ~StubRoutines::call_stub

siginfo: EXCEPTION_ACCESS_VIOLATION (0xc0000005), reading address 0x00000262cf8ece8f


Register to memory mapping:

RIP=0x00007ffbf2e55bb6 ntdll.dll
RAX=0x0 is NULL
RBX=0x000002628afa0000 points into unknown readable memory: 00 00 00 00 00 00 00 00
RCX=0x000002628afa0000 points into unknown readable memory: 00 00 00 00 00 00 00 00
RDX=0x00000262cf8ece90 is an unknown value
RSP=0x000000952fdff030 is pointing into the stack for thread: 0x00000262b57ba800
RBP=0x0 is NULL
RSI=0x000002628afa0000 points into unknown readable memory: 00 00 00 00 00 00 00 00
RDI=0x0 is NULL
R8 =0x0 is NULL
R9 =0x0 is NULL
R10=0x00000262951cf3e8 is at code_begin+1000 in an Interpreter codelet
method entry point (kind = native)  [0x00000262951cf000, 0x00000262951cfaa0]  2720 bytes
R11=0x0000000000000102 is an unknown value
R12=0x0 is NULL
R13=0x00000262cf8ece90 is an unknown value
R14=0x00000262cf8ece80 is an unknown value
R15=0x00000262b57ba800 is a thread


Registers:
RAX=0x0000000000000000, RBX=0x000002628afa0000, RCX=0x000002628afa0000, RDX=0x00000262cf8ece90
RSP=0x000000952fdff030, RBP=0x0000000000000000, RSI=0x000002628afa0000, RDI=0x0000000000000000
R8 =0x0000000000000000, R9 =0x0000000000000000, R10=0x00000262951cf3e8, R11=0x0000000000000102
R12=0x0000000000000000, R13=0x00000262cf8ece90, R14=0x00000262cf8ece80, R15=0x00000262b57ba800
RIP=0x00007ffbf2e55bb6, EFLAGS=0x0000000000010246

Top of Stack: (sp=0x000000952fdff030)
0x000000952fdff030:   00007ffb740bf640 0000000000000000
0x000000952fdff040:   000000952fdff160 0000000000000000
0x000000952fdff050:   0000000000000000 000002628b2334a0
0x000000952fdff060:   0000000000000000 00007ffb740bf5c0
0x000000952fdff070:   000000952fdff160 0000000800326e38
0x000000952fdff080:   0000000000000000 0000000000000000
0x000000952fdff090:   0000000000000000 0000000000000000
0x000000952fdff0a0:   00007ffb740bf640 0000000000000000
0x000000952fdff0b0:   00000000ffffffff 00007ffb740c02dd
0x000000952fdff0c0:   00000262b57ba800 000000952fdff248
0x000000952fdff0d0:   0000000800a44340 0000000000000000
0x000000952fdff0e0:   00000262cf8ece90 00007ffbf2e547b1
0x000000952fdff0f0:   000000952fdff288 000002628afa0000
0x000000952fdff100:   00000262cf8ece90 0000000000000000
0x000000952fdff110:   0000000000000000 00007ffb73ce7e9e
0x000000952fdff120:   00000262b57ba800 00007ffbf08ef05b 

Instructions: (pc=0x00007ffbf2e55bb6)
0x00007ffbf2e55ab6:   85 c0 0f 85 c3 0c 08 00 b9 80 03 fe 7f 40 38 39
0x00007ffbf2e55ac6:   0f 84 2f fe ff ff e9 cc 0c 08 00 45 33 c0 48 8b
0x00007ffbf2e55ad6:   d3 49 8b ce e8 c1 0e fe ff e8 6c ed ff ff 85 c0
0x00007ffbf2e55ae6:   0f 85 5b 0d 08 00 b9 80 03 fe 7f 40 38 39 0f 84
0x00007ffbf2e55af6:   01 fe ff ff e9 64 0d 08 00 41 b8 02 00 00 00 e9
0x00007ffbf2e55b06:   60 fc ff ff f7 41 74 00 00 00 01 75 4e f6 41 78
0x00007ffbf2e55b16:   01 0f 85 ed 0d 08 00 41 f6 c5 0f 0f 84 87 00 00
0x00007ffbf2e55b26:   00 45 33 c9 48 89 7c 24 28 4d 8b c5 48 89 7c 24
0x00007ffbf2e55b36:   20 48 8b d6 41 8d 49 09 e8 b9 80 0e 00 4d 85 f6
0x00007ffbf2e55b46:   0f 84 cb 0d 08 00 41 80 7d ff 05 0f 84 f1 0d 08
0x00007ffbf2e55b56:   00 41 38 7e 0f 0f 8c 56 0f 08 00 8b d5 4d 8b cd
0x00007ffbf2e55b66:   83 ca 02 4d 8b c6 48 8b ce e8 8c 00 00 00 44 0f
0x00007ffbf2e55b76:   b6 f8 84 c0 0f 84 9b fd ff ff 48 8b 84 24 e0 00
0x00007ffbf2e55b86:   00 00 48 85 c0 74 03 66 89 38 4d 85 e4 74 04 49
0x00007ffbf2e55b96:   89 3c 24 48 8b ce e8 7f ec ff ff 85 c0 0f 84 72
0x00007ffbf2e55ba6:   fd ff ff e9 5a 14 08 00 4c 8d 72 f0 41 0f 0d 0e
0x00007ffbf2e55bb6:   41 80 7e 0f 05 75 0c 41 0f b6 46 0e 48 c1 e0 04
0x00007ffbf2e55bc6:   4c 2b f0 41 f6 46 0f 3f 0f 85 6f ff ff ff 45 33
0x00007ffbf2e55bd6:   c9 48 89 7c 24 28 4d 8b c6 48 89 7c 24 20 48 8b
0x00007ffbf2e55be6:   d6 41 8d 49 08 e8 0c 80 0e 00 4c 8b f7 e9 4b ff
0x00007ffbf2e55bf6:   ff ff cc cc cc cc cc cc cc cc 48 89 5c 24 10 48
0x00007ffbf2e55c06:   89 74 24 20 4c 89 44 24 18 48 89 4c 24 08 57 41
0x00007ffbf2e55c16:   54 41 55 41 56 41 57 48 81 ec 80 01 00 00 4d 8b
0x00007ffbf2e55c26:   f8 8b fa 48 8b d9 41 b4 01 44 88 64 24 41 c6 44
0x00007ffbf2e55c36:   24 40 00 c7 44 24 74 01 00 00 00 45 33 ed 4c 89
0x00007ffbf2e55c46:   ac 24 88 00 00 00 66 44 89 6c 24 44 49 3b c8 75
0x00007ffbf2e55c56:   39 4c 89 6c 24 28 4c 89 6c 24 20 45 33 c9 48 8b
0x00007ffbf2e55c66:   d1 41 8d 4d 09 e8 8c 7f 0e 00 33 c0 4c 8d 9c 24
0x00007ffbf2e55c76:   80 01 00 00 49 8b 5b 38 49 8b 73 48 49 8b e3 41
0x00007ffbf2e55c86:   5f 41 5e 41 5d 41 5c 5f c3 cc 0b 79 74 f7 c7 60
0x00007ffbf2e55c96:   0f 01 7d 74 28 45 32 e4 44 88 64 24 41 41 b8 04
0x00007ffbf2e55ca6:   00 00 00 f7 c7 00 00 00 61 74 18 0f ba e7 1c 72 


Stack slot to memory mapping:
stack at sp + 0 slots: 0x00007ffb740bf640 jvm.dll
stack at sp + 1 slots: 0x0 is NULL
stack at sp + 2 slots: 0x000000952fdff160 is pointing into the stack for thread: 0x00000262b57ba800
stack at sp + 3 slots: 0x0 is NULL
stack at sp + 4 slots: 0x0 is NULL
stack at sp + 5 slots: 0x000002628b2334a0 points into unknown readable memory: 98 9e 1e 74 fb 7f 00 00
stack at sp + 6 slots: 0x0 is NULL
stack at sp + 7 slots: 0x00007ffb740bf5c0 jvm.dll


---------------  P R O C E S S  ---------------

Threads class SMR info:
_java_thread_list=0x00000262b73266d0, length=14, elements={
0x00000262b57ba800, 0x00000262b57bb800, 0x00000262b5d8b800, 0x00000262b5d8d800,
0x00000262b5d8e800, 0x00000262b5d90000, 0x00000262b5d92800, 0x00000262b5da1000,
0x00000262b5eb3000, 0x00000262b69e7000, 0x00000262b69ea000, 0x000002628b228000,
0x00000262b8ff0800, 0x00000262be4f7800
}

Java Threads: ( => current thread )
=>0x00000262b57ba800 JavaThread "Reference Handler" daemon [_thread_in_vm, id=18180, stack(0x000000952fd00000,0x000000952fe00000)]
  0x00000262b57bb800 JavaThread "Finalizer" daemon [_thread_blocked, id=15824, stack(0x000000952fe00000,0x000000952ff00000)]
  0x00000262b5d8b800 JavaThread "Signal Dispatcher" daemon [_thread_blocked, id=14236, stack(0x000000952ff00000,0x0000009530000000)]
  0x00000262b5d8d800 JavaThread "Attach Listener" daemon [_thread_blocked, id=11692, stack(0x0000009530000000,0x0000009530100000)]
  0x00000262b5d8e800 JavaThread "Service Thread" daemon [_thread_blocked, id=15344, stack(0x0000009530100000,0x0000009530200000)]
  0x00000262b5d90000 JavaThread "C2 CompilerThread0" daemon [_thread_in_native, id=10716, stack(0x0000009530200000,0x0000009530300000)]
  0x00000262b5d92800 JavaThread "C1 CompilerThread0" daemon [_thread_blocked, id=17024, stack(0x0000009530300000,0x0000009530400000)]
  0x00000262b5da1000 JavaThread "Sweeper thread" daemon [_thread_blocked, id=20228, stack(0x0000009530400000,0x0000009530500000)]
  0x00000262b5eb3000 JavaThread "Common-Cleaner" daemon [_thread_blocked, id=21484, stack(0x0000009530500000,0x0000009530600000)]
  0x00000262b69e7000 JavaThread "Monitor Ctrl-Break" daemon [_thread_in_native, id=18736, stack(0x0000009530700000,0x0000009530800000)]
  0x00000262b69ea000 JavaThread "Notification Thread" daemon [_thread_blocked, id=15812, stack(0x0000009530800000,0x0000009530900000)]
  0x000002628b228000 JavaThread "DestroyJavaVM" [_thread_blocked, id=19080, stack(0x000000952f600000,0x000000952f700000)]
  0x00000262b8ff0800 JavaThread "C2 CompilerThread1" daemon [_thread_blocked, id=20592, stack(0x0000009530600000,0x0000009530700000)]
  0x00000262be4f7800 JavaThread "C2 CompilerThread2" daemon [_thread_blocked, id=2640, stack(0x0000009531600000,0x0000009531700000)]

Other Threads:
  0x00000262b5d70000 VMThread "VM Thread" [stack: 0x000000952fc00000,0x000000952fd00000] [id=11584]
  0x00000262b69f0000 WatcherThread [stack: 0x0000009530900000,0x0000009530a00000] [id=9748]
  0x000002628b2b6800 GCTaskThread "GC Thread#0" [stack: 0x000000952f700000,0x000000952f800000] [id=14552]
  0x00000262be65c800 GCTaskThread "GC Thread#1" [stack: 0x0000009530e00000,0x0000009530f00000] [id=11340]
  0x00000262be4dd000 GCTaskThread "GC Thread#2" [stack: 0x0000009530f00000,0x0000009531000000] [id=21452]
  0x00000262be4f8800 GCTaskThread "GC Thread#3" [stack: 0x0000009531000000,0x0000009531100000] [id=2164]
  0x00000262be480000 GCTaskThread "GC Thread#4" [stack: 0x0000009531100000,0x0000009531200000] [id=11324]
  0x00000262be480800 GCTaskThread "GC Thread#5" [stack: 0x0000009531200000,0x0000009531300000] [id=16380]
  0x00000262be481000 GCTaskThread "GC Thread#6" [stack: 0x0000009531300000,0x0000009531400000] [id=10024]
  0x00000262be6e9800 GCTaskThread "GC Thread#7" [stack: 0x0000009531400000,0x0000009531500000] [id=15028]
  0x000002628b2e7800 ConcurrentGCThread "G1 Main Marker" [stack: 0x000000952f800000,0x000000952f900000] [id=16212]
  0x000002628b2e9800 ConcurrentGCThread "G1 Conc#0" [stack: 0x000000952f900000,0x000000952fa00000] [id=20892]
  0x00000262b577e000 ConcurrentGCThread "G1 Refine#0" [stack: 0x000000952fa00000,0x000000952fb00000] [id=20876]
  0x00000262be8f3800 ConcurrentGCThread "G1 Refine#1" [stack: 0x0000009531500000,0x0000009531600000] [id=10684]
  0x00000262b577f000 ConcurrentGCThread "G1 Young RemSet Sampling" [stack: 0x000000952fb00000,0x000000952fc00000] [id=8360]

Threads with active compile tasks:
C2 CompilerThread0    11212 1561       4       com.intellij.rt.coverage.util.CoverageIOUtil::processWithDictionary (69 bytes)

VM state:not at safepoint (normal execution)

VM Mutex/Monitor currently owned by a thread: None

Heap address: 0x0000000680a00000, size: 6134 MB, Compressed Oops mode: Zero based, Oop shift amount: 3
Narrow klass base: 0x0000000800000000, Narrow klass shift: 3
Compressed class space size: 1073741824 Address: 0x0000000800b30000

Heap:
 garbage-first heap   total 393216K, used 13729K [0x0000000680a00000, 0x0000000800000000)
  region size 1024K, 8 young (8192K), 3 survivors (3072K)
 Metaspace       used 7282K, capacity 8534K, committed 8832K, reserved 1056768K
  class space    used 398K, capacity 594K, committed 640K, reserved 1048576K
Heap Regions: E=young(eden), S=young(survivor), O=old, HS=humongous(starts), HC=humongous(continues), CS=collection set, F=free, OA=open archive, CA=closed archive, TAMS=top-at-mark-start (previous, next)
|   0|0x0000000680a00000, 0x0000000680b00000, 0x0000000680b00000|100%| O|  |TAMS 0x0000000680a00000, 0x0000000680a00000| Untracked 
|   1|0x0000000680b00000, 0x0000000680c00000, 0x0000000680c00000|100%| O|  |TAMS 0x0000000680b00000, 0x0000000680b00000| Untracked 
|   2|0x0000000680c00000, 0x0000000680d00000, 0x0000000680d00000|100%| O|  |TAMS 0x0000000680c00000, 0x0000000680c00000| Untracked 
|   3|0x0000000680d00000, 0x0000000680e00000, 0x0000000680e00000|100%| O|  |TAMS 0x0000000680d00000, 0x0000000680d00000| Untracked 
|   4|0x0000000680e00000, 0x0000000680f00000, 0x0000000680f00000|100%| O|  |TAMS 0x0000000680e00000, 0x0000000680e00000| Untracked 
|   5|0x0000000680f00000, 0x0000000681000000, 0x0000000681000000|100%| O|  |TAMS 0x0000000680f00000, 0x0000000680f00000| Untracked 
|   6|0x0000000681000000, 0x0000000681100000, 0x0000000681100000|100%| O|  |TAMS 0x0000000681000000, 0x0000000681000000| Untracked 
|   7|0x0000000681100000, 0x0000000681138200, 0x0000000681200000| 21%| O|  |TAMS 0x0000000681100000, 0x0000000681100000| Untracked 
|   8|0x0000000681200000, 0x0000000681200000, 0x0000000681300000|  0%| F|  |TAMS 0x0000000681200000, 0x0000000681200000| Untracked 
|   9|0x0000000681300000, 0x0000000681300000, 0x0000000681400000|  0%| F|  |TAMS 0x0000000681300000, 0x0000000681300000| Untracked 
|  10|0x0000000681400000, 0x0000000681400000, 0x0000000681500000|  0%| F|  |TAMS 0x0000000681400000, 0x0000000681400000| Untracked 
|  11|0x0000000681500000, 0x0000000681500000, 0x0000000681600000|  0%| F|  |TAMS 0x0000000681500000, 0x0000000681500000| Untracked 
|  12|0x0000000681600000, 0x0000000681600000, 0x0000000681700000|  0%| F|  |TAMS 0x0000000681600000, 0x0000000681600000| Untracked 
|  13|0x0000000681700000, 0x0000000681700000, 0x0000000681800000|  0%| F|  |TAMS 0x0000000681700000, 0x0000000681700000| Untracked 
|  14|0x0000000681800000, 0x0000000681800000, 0x0000000681900000|  0%| F|  |TAMS 0x0000000681800000, 0x0000000681800000| Untracked 
|  15|0x0000000681900000, 0x0000000681900000, 0x0000000681a00000|  0%| F|  |TAMS 0x0000000681900000, 0x0000000681900000| Untracked 
|  16|0x0000000681a00000, 0x0000000681a00000, 0x0000000681b00000|  0%| F|  |TAMS 0x0000000681a00000, 0x0000000681a00000| Untracked 
|  17|0x0000000681b00000, 0x0000000681b00000, 0x0000000681c00000|  0%| F|  |TAMS 0x0000000681b00000, 0x0000000681b00000| Untracked 
|  18|0x0000000681c00000, 0x0000000681c00000, 0x0000000681d00000|  0%| F|  |TAMS 0x0000000681c00000, 0x0000000681c00000| Untracked 
|  19|0x0000000681d00000, 0x0000000681d00000, 0x0000000681e00000|  0%| F|  |TAMS 0x0000000681d00000, 0x0000000681d00000| Untracked 
|  20|0x0000000681e00000, 0x0000000681e00000, 0x0000000681f00000|  0%| F|  |TAMS 0x0000000681e00000, 0x0000000681e00000| Untracked 
|  21|0x0000000681f00000, 0x0000000681f00000, 0x0000000682000000|  0%| F|  |TAMS 0x0000000681f00000, 0x0000000681f00000| Untracked 
|  22|0x0000000682000000, 0x0000000682000000, 0x0000000682100000|  0%| F|  |TAMS 0x0000000682000000, 0x0000000682000000| Untracked 
|  23|0x0000000682100000, 0x0000000682100000, 0x0000000682200000|  0%| F|  |TAMS 0x0000000682100000, 0x0000000682100000| Untracked 
|  24|0x0000000682200000, 0x0000000682200000, 0x0000000682300000|  0%| F|  |TAMS 0x0000000682200000, 0x0000000682200000| Untracked 
|  25|0x0000000682300000, 0x0000000682300000, 0x0000000682400000|  0%| F|  |TAMS 0x0000000682300000, 0x0000000682300000| Untracked 
|  26|0x0000000682400000, 0x0000000682400000, 0x0000000682500000|  0%| F|  |TAMS 0x0000000682400000, 0x0000000682400000| Untracked 
|  27|0x0000000682500000, 0x0000000682500000, 0x0000000682600000|  0%| F|  |TAMS 0x0000000682500000, 0x0000000682500000| Untracked 
|  28|0x0000000682600000, 0x0000000682600000, 0x0000000682700000|  0%| F|  |TAMS 0x0000000682600000, 0x0000000682600000| Untracked 
|  29|0x0000000682700000, 0x0000000682700000, 0x0000000682800000|  0%| F|  |TAMS 0x0000000682700000, 0x0000000682700000| Untracked 
|  30|0x0000000682800000, 0x0000000682800000, 0x0000000682900000|  0%| F|  |TAMS 0x0000000682800000, 0x0000000682800000| Untracked 
|  31|0x0000000682900000, 0x0000000682900000, 0x0000000682a00000|  0%| F|  |TAMS 0x0000000682900000, 0x0000000682900000| Untracked 
|  32|0x0000000682a00000, 0x0000000682a00000, 0x0000000682b00000|  0%| F|  |TAMS 0x0000000682a00000, 0x0000000682a00000| Untracked 
|  33|0x0000000682b00000, 0x0000000682b00000, 0x0000000682c00000|  0%| F|  |TAMS 0x0000000682b00000, 0x0000000682b00000| Untracked 
|  34|0x0000000682c00000, 0x0000000682c00000, 0x0000000682d00000|  0%| F|  |TAMS 0x0000000682c00000, 0x0000000682c00000| Untracked 
|  35|0x0000000682d00000, 0x0000000682d00000, 0x0000000682e00000|  0%| F|  |TAMS 0x0000000682d00000, 0x0000000682d00000| Untracked 
|  36|0x0000000682e00000, 0x0000000682e00000, 0x0000000682f00000|  0%| F|  |TAMS 0x0000000682e00000, 0x0000000682e00000| Untracked 
|  37|0x0000000682f00000, 0x0000000682f00000, 0x0000000683000000|  0%| F|  |TAMS 0x0000000682f00000, 0x0000000682f00000| Untracked 
|  38|0x0000000683000000, 0x0000000683000000, 0x0000000683100000|  0%| F|  |TAMS 0x0000000683000000, 0x0000000683000000| Untracked 
|  39|0x0000000683100000, 0x0000000683100000, 0x0000000683200000|  0%| F|  |TAMS 0x0000000683100000, 0x0000000683100000| Untracked 
|  40|0x0000000683200000, 0x0000000683200000, 0x0000000683300000|  0%| F|  |TAMS 0x0000000683200000, 0x0000000683200000| Untracked 
|  41|0x0000000683300000, 0x0000000683300000, 0x0000000683400000|  0%| F|  |TAMS 0x0000000683300000, 0x0000000683300000| Untracked 
|  42|0x0000000683400000, 0x0000000683400000, 0x0000000683500000|  0%| F|  |TAMS 0x0000000683400000, 0x0000000683400000| Untracked 
|  43|0x0000000683500000, 0x0000000683500000, 0x0000000683600000|  0%| F|  |TAMS 0x0000000683500000, 0x0000000683500000| Untracked 
|  44|0x0000000683600000, 0x0000000683600000, 0x0000000683700000|  0%| F|  |TAMS 0x0000000683600000, 0x0000000683600000| Untracked 
|  45|0x0000000683700000, 0x0000000683700000, 0x0000000683800000|  0%| F|  |TAMS 0x0000000683700000, 0x0000000683700000| Untracked 
|  46|0x0000000683800000, 0x0000000683800000, 0x0000000683900000|  0%| F|  |TAMS 0x0000000683800000, 0x0000000683800000| Untracked 
|  47|0x0000000683900000, 0x0000000683900000, 0x0000000683a00000|  0%| F|  |TAMS 0x0000000683900000, 0x0000000683900000| Untracked 
|  48|0x0000000683a00000, 0x0000000683a00000, 0x0000000683b00000|  0%| F|  |TAMS 0x0000000683a00000, 0x0000000683a00000| Untracked 
|  49|0x0000000683b00000, 0x0000000683b00000, 0x0000000683c00000|  0%| F|  |TAMS 0x0000000683b00000, 0x0000000683b00000| Untracked 
|  50|0x0000000683c00000, 0x0000000683c00000, 0x0000000683d00000|  0%| F|  |TAMS 0x0000000683c00000, 0x0000000683c00000| Untracked 
|  51|0x0000000683d00000, 0x0000000683d00000, 0x0000000683e00000|  0%| F|  |TAMS 0x0000000683d00000, 0x0000000683d00000| Untracked 
|  52|0x0000000683e00000, 0x0000000683e00000, 0x0000000683f00000|  0%| F|  |TAMS 0x0000000683e00000, 0x0000000683e00000| Untracked 
|  53|0x0000000683f00000, 0x0000000683f00000, 0x0000000684000000|  0%| F|  |TAMS 0x0000000683f00000, 0x0000000683f00000| Untracked 
|  54|0x0000000684000000, 0x0000000684000000, 0x0000000684100000|  0%| F|  |TAMS 0x0000000684000000, 0x0000000684000000| Untracked 
|  55|0x0000000684100000, 0x0000000684100000, 0x0000000684200000|  0%| F|  |TAMS 0x0000000684100000, 0x0000000684100000| Untracked 
|  56|0x0000000684200000, 0x0000000684200000, 0x0000000684300000|  0%| F|  |TAMS 0x0000000684200000, 0x0000000684200000| Untracked 
|  57|0x0000000684300000, 0x0000000684300000, 0x0000000684400000|  0%| F|  |TAMS 0x0000000684300000, 0x0000000684300000| Untracked 
|  58|0x0000000684400000, 0x0000000684400000, 0x0000000684500000|  0%| F|  |TAMS 0x0000000684400000, 0x0000000684400000| Untracked 
|  59|0x0000000684500000, 0x0000000684500000, 0x0000000684600000|  0%| F|  |TAMS 0x0000000684500000, 0x0000000684500000| Untracked 
|  60|0x0000000684600000, 0x0000000684600000, 0x0000000684700000|  0%| F|  |TAMS 0x0000000684600000, 0x0000000684600000| Untracked 
|  61|0x0000000684700000, 0x0000000684700000, 0x0000000684800000|  0%| F|  |TAMS 0x0000000684700000, 0x0000000684700000| Untracked 
|  62|0x0000000684800000, 0x0000000684800000, 0x0000000684900000|  0%| F|  |TAMS 0x0000000684800000, 0x0000000684800000| Untracked 
|  63|0x0000000684900000, 0x0000000684900000, 0x0000000684a00000|  0%| F|  |TAMS 0x0000000684900000, 0x0000000684900000| Untracked 
|  64|0x0000000684a00000, 0x0000000684a00000, 0x0000000684b00000|  0%| F|  |TAMS 0x0000000684a00000, 0x0000000684a00000| Untracked 
|  65|0x0000000684b00000, 0x0000000684b00000, 0x0000000684c00000|  0%| F|  |TAMS 0x0000000684b00000, 0x0000000684b00000| Untracked 
|  66|0x0000000684c00000, 0x0000000684c00000, 0x0000000684d00000|  0%| F|  |TAMS 0x0000000684c00000, 0x0000000684c00000| Untracked 
|  67|0x0000000684d00000, 0x0000000684d00000, 0x0000000684e00000|  0%| F|  |TAMS 0x0000000684d00000, 0x0000000684d00000| Untracked 
|  68|0x0000000684e00000, 0x0000000684e00000, 0x0000000684f00000|  0%| F|  |TAMS 0x0000000684e00000, 0x0000000684e00000| Untracked 
|  69|0x0000000684f00000, 0x0000000684f00000, 0x0000000685000000|  0%| F|  |TAMS 0x0000000684f00000, 0x0000000684f00000| Untracked 
|  70|0x0000000685000000, 0x0000000685000000, 0x0000000685100000|  0%| F|  |TAMS 0x0000000685000000, 0x0000000685000000| Untracked 
|  71|0x0000000685100000, 0x0000000685100000, 0x0000000685200000|  0%| F|  |TAMS 0x0000000685100000, 0x0000000685100000| Untracked 
|  72|0x0000000685200000, 0x0000000685200000, 0x0000000685300000|  0%| F|  |TAMS 0x0000000685200000, 0x0000000685200000| Untracked 
|  73|0x0000000685300000, 0x0000000685300000, 0x0000000685400000|  0%| F|  |TAMS 0x0000000685300000, 0x0000000685300000| Untracked 
|  74|0x0000000685400000, 0x0000000685400000, 0x0000000685500000|  0%| F|  |TAMS 0x0000000685400000, 0x0000000685400000| Untracked 
|  75|0x0000000685500000, 0x0000000685500000, 0x0000000685600000|  0%| F|  |TAMS 0x0000000685500000, 0x0000000685500000| Untracked 
|  76|0x0000000685600000, 0x0000000685600000, 0x0000000685700000|  0%| F|  |TAMS 0x0000000685600000, 0x0000000685600000| Untracked 
|  77|0x0000000685700000, 0x0000000685700000, 0x0000000685800000|  0%| F|  |TAMS 0x0000000685700000, 0x0000000685700000| Untracked 
|  78|0x0000000685800000, 0x0000000685800000, 0x0000000685900000|  0%| F|  |TAMS 0x0000000685800000, 0x0000000685800000| Untracked 
|  79|0x0000000685900000, 0x0000000685900000, 0x0000000685a00000|  0%| F|  |TAMS 0x0000000685900000, 0x0000000685900000| Untracked 
|  80|0x0000000685a00000, 0x0000000685a00000, 0x0000000685b00000|  0%| F|  |TAMS 0x0000000685a00000, 0x0000000685a00000| Untracked 
|  81|0x0000000685b00000, 0x0000000685b00000, 0x0000000685c00000|  0%| F|  |TAMS 0x0000000685b00000, 0x0000000685b00000| Untracked 
|  82|0x0000000685c00000, 0x0000000685c00000, 0x0000000685d00000|  0%| F|  |TAMS 0x0000000685c00000, 0x0000000685c00000| Untracked 
|  83|0x0000000685d00000, 0x0000000685d00000, 0x0000000685e00000|  0%| F|  |TAMS 0x0000000685d00000, 0x0000000685d00000| Untracked 
|  84|0x0000000685e00000, 0x0000000685e00000, 0x0000000685f00000|  0%| F|  |TAMS 0x0000000685e00000, 0x0000000685e00000| Untracked 
|  85|0x0000000685f00000, 0x0000000685f00000, 0x0000000686000000|  0%| F|  |TAMS 0x0000000685f00000, 0x0000000685f00000| Untracked 
|  86|0x0000000686000000, 0x0000000686000000, 0x0000000686100000|  0%| F|  |TAMS 0x0000000686000000, 0x0000000686000000| Untracked 
|  87|0x0000000686100000, 0x0000000686100000, 0x0000000686200000|  0%| F|  |TAMS 0x0000000686100000, 0x0000000686100000| Untracked 
|  88|0x0000000686200000, 0x0000000686200000, 0x0000000686300000|  0%| F|  |TAMS 0x0000000686200000, 0x0000000686200000| Untracked 
|  89|0x0000000686300000, 0x0000000686300000, 0x0000000686400000|  0%| F|  |TAMS 0x0000000686300000, 0x0000000686300000| Untracked 
|  90|0x0000000686400000, 0x0000000686400000, 0x0000000686500000|  0%| F|  |TAMS 0x0000000686400000, 0x0000000686400000| Untracked 
|  91|0x0000000686500000, 0x0000000686500000, 0x0000000686600000|  0%| F|  |TAMS 0x0000000686500000, 0x0000000686500000| Untracked 
|  92|0x0000000686600000, 0x0000000686600000, 0x0000000686700000|  0%| F|  |TAMS 0x0000000686600000, 0x0000000686600000| Untracked 
|  93|0x0000000686700000, 0x0000000686700000, 0x0000000686800000|  0%| F|  |TAMS 0x0000000686700000, 0x0000000686700000| Untracked 
|  94|0x0000000686800000, 0x0000000686800000, 0x0000000686900000|  0%| F|  |TAMS 0x0000000686800000, 0x0000000686800000| Untracked 
|  95|0x0000000686900000, 0x0000000686900000, 0x0000000686a00000|  0%| F|  |TAMS 0x0000000686900000, 0x0000000686900000| Untracked 
|  96|0x0000000686a00000, 0x0000000686a00000, 0x0000000686b00000|  0%| F|  |TAMS 0x0000000686a00000, 0x0000000686a00000| Untracked 
|  97|0x0000000686b00000, 0x0000000686b00000, 0x0000000686c00000|  0%| F|  |TAMS 0x0000000686b00000, 0x0000000686b00000| Untracked 
|  98|0x0000000686c00000, 0x0000000686c00000, 0x0000000686d00000|  0%| F|  |TAMS 0x0000000686c00000, 0x0000000686c00000| Untracked 
|  99|0x0000000686d00000, 0x0000000686d00000, 0x0000000686e00000|  0%| F|  |TAMS 0x0000000686d00000, 0x0000000686d00000| Untracked 
| 100|0x0000000686e00000, 0x0000000686e00000, 0x0000000686f00000|  0%| F|  |TAMS 0x0000000686e00000, 0x0000000686e00000| Untracked 
| 101|0x0000000686f00000, 0x0000000686f00000, 0x0000000687000000|  0%| F|  |TAMS 0x0000000686f00000, 0x0000000686f00000| Untracked 
| 102|0x0000000687000000, 0x0000000687000000, 0x0000000687100000|  0%| F|  |TAMS 0x0000000687000000, 0x0000000687000000| Untracked 
| 103|0x0000000687100000, 0x0000000687100000, 0x0000000687200000|  0%| F|  |TAMS 0x0000000687100000, 0x0000000687100000| Untracked 
| 104|0x0000000687200000, 0x0000000687200000, 0x0000000687300000|  0%| F|  |TAMS 0x0000000687200000, 0x0000000687200000| Untracked 
| 105|0x0000000687300000, 0x0000000687300000, 0x0000000687400000|  0%| F|  |TAMS 0x0000000687300000, 0x0000000687300000| Untracked 
| 106|0x0000000687400000, 0x0000000687400000, 0x0000000687500000|  0%| F|  |TAMS 0x0000000687400000, 0x0000000687400000| Untracked 
| 107|0x0000000687500000, 0x0000000687500000, 0x0000000687600000|  0%| F|  |TAMS 0x0000000687500000, 0x0000000687500000| Untracked 
| 108|0x0000000687600000, 0x0000000687600000, 0x0000000687700000|  0%| F|  |TAMS 0x0000000687600000, 0x0000000687600000| Untracked 
| 109|0x0000000687700000, 0x0000000687700000, 0x0000000687800000|  0%| F|  |TAMS 0x0000000687700000, 0x0000000687700000| Untracked 
| 110|0x0000000687800000, 0x0000000687800000, 0x0000000687900000|  0%| F|  |TAMS 0x0000000687800000, 0x0000000687800000| Untracked 
| 111|0x0000000687900000, 0x0000000687900000, 0x0000000687a00000|  0%| F|  |TAMS 0x0000000687900000, 0x0000000687900000| Untracked 
| 112|0x0000000687a00000, 0x0000000687a00000, 0x0000000687b00000|  0%| F|  |TAMS 0x0000000687a00000, 0x0000000687a00000| Untracked 
| 113|0x0000000687b00000, 0x0000000687b00000, 0x0000000687c00000|  0%| F|  |TAMS 0x0000000687b00000, 0x0000000687b00000| Untracked 
| 114|0x0000000687c00000, 0x0000000687c00000, 0x0000000687d00000|  0%| F|  |TAMS 0x0000000687c00000, 0x0000000687c00000| Untracked 
| 115|0x0000000687d00000, 0x0000000687d00000, 0x0000000687e00000|  0%| F|  |TAMS 0x0000000687d00000, 0x0000000687d00000| Untracked 
| 116|0x0000000687e00000, 0x0000000687e00000, 0x0000000687f00000|  0%| F|  |TAMS 0x0000000687e00000, 0x0000000687e00000| Untracked 
| 117|0x0000000687f00000, 0x0000000687f00000, 0x0000000688000000|  0%| F|  |TAMS 0x0000000687f00000, 0x0000000687f00000| Untracked 
| 118|0x0000000688000000, 0x0000000688000000, 0x0000000688100000|  0%| F|  |TAMS 0x0000000688000000, 0x0000000688000000| Untracked 
| 119|0x0000000688100000, 0x0000000688100000, 0x0000000688200000|  0%| F|  |TAMS 0x0000000688100000, 0x0000000688100000| Untracked 
| 120|0x0000000688200000, 0x0000000688200000, 0x0000000688300000|  0%| F|  |TAMS 0x0000000688200000, 0x0000000688200000| Untracked 
| 121|0x0000000688300000, 0x0000000688300000, 0x0000000688400000|  0%| F|  |TAMS 0x0000000688300000, 0x0000000688300000| Untracked 
| 122|0x0000000688400000, 0x0000000688400000, 0x0000000688500000|  0%| F|  |TAMS 0x0000000688400000, 0x0000000688400000| Untracked 
| 123|0x0000000688500000, 0x0000000688500000, 0x0000000688600000|  0%| F|  |TAMS 0x0000000688500000, 0x0000000688500000| Untracked 
| 124|0x0000000688600000, 0x0000000688600000, 0x0000000688700000|  0%| F|  |TAMS 0x0000000688600000, 0x0000000688600000| Untracked 
| 125|0x0000000688700000, 0x0000000688700000, 0x0000000688800000|  0%| F|  |TAMS 0x0000000688700000, 0x0000000688700000| Untracked 
| 126|0x0000000688800000, 0x0000000688800000, 0x0000000688900000|  0%| F|  |TAMS 0x0000000688800000, 0x0000000688800000| Untracked 
| 127|0x0000000688900000, 0x0000000688900000, 0x0000000688a00000|  0%| F|  |TAMS 0x0000000688900000, 0x0000000688900000| Untracked 
| 128|0x0000000688a00000, 0x0000000688a00000, 0x0000000688b00000|  0%| F|  |TAMS 0x0000000688a00000, 0x0000000688a00000| Untracked 
| 129|0x0000000688b00000, 0x0000000688b00000, 0x0000000688c00000|  0%| F|  |TAMS 0x0000000688b00000, 0x0000000688b00000| Untracked 
| 130|0x0000000688c00000, 0x0000000688c00000, 0x0000000688d00000|  0%| F|  |TAMS 0x0000000688c00000, 0x0000000688c00000| Untracked 
| 131|0x0000000688d00000, 0x0000000688d00000, 0x0000000688e00000|  0%| F|  |TAMS 0x0000000688d00000, 0x0000000688d00000| Untracked 
| 132|0x0000000688e00000, 0x0000000688e00000, 0x0000000688f00000|  0%| F|  |TAMS 0x0000000688e00000, 0x0000000688e00000| Untracked 
| 133|0x0000000688f00000, 0x0000000688f00000, 0x0000000689000000|  0%| F|  |TAMS 0x0000000688f00000, 0x0000000688f00000| Untracked 
| 134|0x0000000689000000, 0x0000000689000000, 0x0000000689100000|  0%| F|  |TAMS 0x0000000689000000, 0x0000000689000000| Untracked 
| 135|0x0000000689100000, 0x0000000689100000, 0x0000000689200000|  0%| F|  |TAMS 0x0000000689100000, 0x0000000689100000| Untracked 
| 136|0x0000000689200000, 0x0000000689200000, 0x0000000689300000|  0%| F|  |TAMS 0x0000000689200000, 0x0000000689200000| Untracked 
| 137|0x0000000689300000, 0x0000000689300000, 0x0000000689400000|  0%| F|  |TAMS 0x0000000689300000, 0x0000000689300000| Untracked 
| 138|0x0000000689400000, 0x0000000689400000, 0x0000000689500000|  0%| F|  |TAMS 0x0000000689400000, 0x0000000689400000| Untracked 
| 139|0x0000000689500000, 0x0000000689500000, 0x0000000689600000|  0%| F|  |TAMS 0x0000000689500000, 0x0000000689500000| Untracked 
| 140|0x0000000689600000, 0x0000000689600000, 0x0000000689700000|  0%| F|  |TAMS 0x0000000689600000, 0x0000000689600000| Untracked 
| 141|0x0000000689700000, 0x0000000689700000, 0x0000000689800000|  0%| F|  |TAMS 0x0000000689700000, 0x0000000689700000| Untracked 
| 142|0x0000000689800000, 0x0000000689800000, 0x0000000689900000|  0%| F|  |TAMS 0x0000000689800000, 0x0000000689800000| Untracked 
| 143|0x0000000689900000, 0x0000000689900000, 0x0000000689a00000|  0%| F|  |TAMS 0x0000000689900000, 0x0000000689900000| Untracked 
| 144|0x0000000689a00000, 0x0000000689a00000, 0x0000000689b00000|  0%| F|  |TAMS 0x0000000689a00000, 0x0000000689a00000| Untracked 
| 145|0x0000000689b00000, 0x0000000689b00000, 0x0000000689c00000|  0%| F|  |TAMS 0x0000000689b00000, 0x0000000689b00000| Untracked 
| 146|0x0000000689c00000, 0x0000000689c00000, 0x0000000689d00000|  0%| F|  |TAMS 0x0000000689c00000, 0x0000000689c00000| Untracked 
| 147|0x0000000689d00000, 0x0000000689d00000, 0x0000000689e00000|  0%| F|  |TAMS 0x0000000689d00000, 0x0000000689d00000| Untracked 
| 148|0x0000000689e00000, 0x0000000689e00000, 0x0000000689f00000|  0%| F|  |TAMS 0x0000000689e00000, 0x0000000689e00000| Untracked 
| 149|0x0000000689f00000, 0x0000000689f00000, 0x000000068a000000|  0%| F|  |TAMS 0x0000000689f00000, 0x0000000689f00000| Untracked 
| 150|0x000000068a000000, 0x000000068a000000, 0x000000068a100000|  0%| F|  |TAMS 0x000000068a000000, 0x000000068a000000| Untracked 
| 151|0x000000068a100000, 0x000000068a100000, 0x000000068a200000|  0%| F|  |TAMS 0x000000068a100000, 0x000000068a100000| Untracked 
| 152|0x000000068a200000, 0x000000068a200000, 0x000000068a300000|  0%| F|  |TAMS 0x000000068a200000, 0x000000068a200000| Untracked 
| 153|0x000000068a300000, 0x000000068a300000, 0x000000068a400000|  0%| F|  |TAMS 0x000000068a300000, 0x000000068a300000| Untracked 
| 154|0x000000068a400000, 0x000000068a400000, 0x000000068a500000|  0%| F|  |TAMS 0x000000068a400000, 0x000000068a400000| Untracked 
| 155|0x000000068a500000, 0x000000068a500000, 0x000000068a600000|  0%| F|  |TAMS 0x000000068a500000, 0x000000068a500000| Untracked 
| 156|0x000000068a600000, 0x000000068a600000, 0x000000068a700000|  0%| F|  |TAMS 0x000000068a600000, 0x000000068a600000| Untracked 
| 157|0x000000068a700000, 0x000000068a700000, 0x000000068a800000|  0%| F|  |TAMS 0x000000068a700000, 0x000000068a700000| Untracked 
| 158|0x000000068a800000, 0x000000068a800000, 0x000000068a900000|  0%| F|  |TAMS 0x000000068a800000, 0x000000068a800000| Untracked 
| 159|0x000000068a900000, 0x000000068a900000, 0x000000068aa00000|  0%| F|  |TAMS 0x000000068a900000, 0x000000068a900000| Untracked 
| 160|0x000000068aa00000, 0x000000068aa00000, 0x000000068ab00000|  0%| F|  |TAMS 0x000000068aa00000, 0x000000068aa00000| Untracked 
| 161|0x000000068ab00000, 0x000000068ab00000, 0x000000068ac00000|  0%| F|  |TAMS 0x000000068ab00000, 0x000000068ab00000| Untracked 
| 162|0x000000068ac00000, 0x000000068ac00000, 0x000000068ad00000|  0%| F|  |TAMS 0x000000068ac00000, 0x000000068ac00000| Untracked 
| 163|0x000000068ad00000, 0x000000068ad00000, 0x000000068ae00000|  0%| F|  |TAMS 0x000000068ad00000, 0x000000068ad00000| Untracked 
| 164|0x000000068ae00000, 0x000000068ae00000, 0x000000068af00000|  0%| F|  |TAMS 0x000000068ae00000, 0x000000068ae00000| Untracked 
| 165|0x000000068af00000, 0x000000068af00000, 0x000000068b000000|  0%| F|  |TAMS 0x000000068af00000, 0x000000068af00000| Untracked 
| 166|0x000000068b000000, 0x000000068b000000, 0x000000068b100000|  0%| F|  |TAMS 0x000000068b000000, 0x000000068b000000| Untracked 
| 167|0x000000068b100000, 0x000000068b100000, 0x000000068b200000|  0%| F|  |TAMS 0x000000068b100000, 0x000000068b100000| Untracked 
| 168|0x000000068b200000, 0x000000068b200000, 0x000000068b300000|  0%| F|  |TAMS 0x000000068b200000, 0x000000068b200000| Untracked 
| 169|0x000000068b300000, 0x000000068b300000, 0x000000068b400000|  0%| F|  |TAMS 0x000000068b300000, 0x000000068b300000| Untracked 
| 170|0x000000068b400000, 0x000000068b400000, 0x000000068b500000|  0%| F|  |TAMS 0x000000068b400000, 0x000000068b400000| Untracked 
| 171|0x000000068b500000, 0x000000068b500000, 0x000000068b600000|  0%| F|  |TAMS 0x000000068b500000, 0x000000068b500000| Untracked 
| 172|0x000000068b600000, 0x000000068b600000, 0x000000068b700000|  0%| F|  |TAMS 0x000000068b600000, 0x000000068b600000| Untracked 
| 173|0x000000068b700000, 0x000000068b700000, 0x000000068b800000|  0%| F|  |TAMS 0x000000068b700000, 0x000000068b700000| Untracked 
| 174|0x000000068b800000, 0x000000068b800000, 0x000000068b900000|  0%| F|  |TAMS 0x000000068b800000, 0x000000068b800000| Untracked 
| 175|0x000000068b900000, 0x000000068b900000, 0x000000068ba00000|  0%| F|  |TAMS 0x000000068b900000, 0x000000068b900000| Untracked 
| 176|0x000000068ba00000, 0x000000068ba00000, 0x000000068bb00000|  0%| F|  |TAMS 0x000000068ba00000, 0x000000068ba00000| Untracked 
| 177|0x000000068bb00000, 0x000000068bb00000, 0x000000068bc00000|  0%| F|  |TAMS 0x000000068bb00000, 0x000000068bb00000| Untracked 
| 178|0x000000068bc00000, 0x000000068bc00000, 0x000000068bd00000|  0%| F|  |TAMS 0x000000068bc00000, 0x000000068bc00000| Untracked 
| 179|0x000000068bd00000, 0x000000068bd00000, 0x000000068be00000|  0%| F|  |TAMS 0x000000068bd00000, 0x000000068bd00000| Untracked 
| 180|0x000000068be00000, 0x000000068be00000, 0x000000068bf00000|  0%| F|  |TAMS 0x000000068be00000, 0x000000068be00000| Untracked 
| 181|0x000000068bf00000, 0x000000068bf00000, 0x000000068c000000|  0%| F|  |TAMS 0x000000068bf00000, 0x000000068bf00000| Untracked 
| 182|0x000000068c000000, 0x000000068c000000, 0x000000068c100000|  0%| F|  |TAMS 0x000000068c000000, 0x000000068c000000| Untracked 
| 183|0x000000068c100000, 0x000000068c100000, 0x000000068c200000|  0%| F|  |TAMS 0x000000068c100000, 0x000000068c100000| Untracked 
| 184|0x000000068c200000, 0x000000068c200000, 0x000000068c300000|  0%| F|  |TAMS 0x000000068c200000, 0x000000068c200000| Untracked 
| 185|0x000000068c300000, 0x000000068c300000, 0x000000068c400000|  0%| F|  |TAMS 0x000000068c300000, 0x000000068c300000| Untracked 
| 186|0x000000068c400000, 0x000000068c400000, 0x000000068c500000|  0%| F|  |TAMS 0x000000068c400000, 0x000000068c400000| Untracked 
| 187|0x000000068c500000, 0x000000068c500000, 0x000000068c600000|  0%| F|  |TAMS 0x000000068c500000, 0x000000068c500000| Untracked 
| 188|0x000000068c600000, 0x000000068c600000, 0x000000068c700000|  0%| F|  |TAMS 0x000000068c600000, 0x000000068c600000| Untracked 
| 189|0x000000068c700000, 0x000000068c700000, 0x000000068c800000|  0%| F|  |TAMS 0x000000068c700000, 0x000000068c700000| Untracked 
| 190|0x000000068c800000, 0x000000068c800000, 0x000000068c900000|  0%| F|  |TAMS 0x000000068c800000, 0x000000068c800000| Untracked 
| 191|0x000000068c900000, 0x000000068c900000, 0x000000068ca00000|  0%| F|  |TAMS 0x000000068c900000, 0x000000068c900000| Untracked 
| 192|0x000000068ca00000, 0x000000068ca00000, 0x000000068cb00000|  0%| F|  |TAMS 0x000000068ca00000, 0x000000068ca00000| Untracked 
| 193|0x000000068cb00000, 0x000000068cb00000, 0x000000068cc00000|  0%| F|  |TAMS 0x000000068cb00000, 0x000000068cb00000| Untracked 
| 194|0x000000068cc00000, 0x000000068cc00000, 0x000000068cd00000|  0%| F|  |TAMS 0x000000068cc00000, 0x000000068cc00000| Untracked 
| 195|0x000000068cd00000, 0x000000068cd00000, 0x000000068ce00000|  0%| F|  |TAMS 0x000000068cd00000, 0x000000068cd00000| Untracked 
| 196|0x000000068ce00000, 0x000000068ce00000, 0x000000068cf00000|  0%| F|  |TAMS 0x000000068ce00000, 0x000000068ce00000| Untracked 
| 197|0x000000068cf00000, 0x000000068cf00000, 0x000000068d000000|  0%| F|  |TAMS 0x000000068cf00000, 0x000000068cf00000| Untracked 
| 198|0x000000068d000000, 0x000000068d000000, 0x000000068d100000|  0%| F|  |TAMS 0x000000068d000000, 0x000000068d000000| Untracked 
| 199|0x000000068d100000, 0x000000068d100000, 0x000000068d200000|  0%| F|  |TAMS 0x000000068d100000, 0x000000068d100000| Untracked 
| 200|0x000000068d200000, 0x000000068d200000, 0x000000068d300000|  0%| F|  |TAMS 0x000000068d200000, 0x000000068d200000| Untracked 
| 201|0x000000068d300000, 0x000000068d300000, 0x000000068d400000|  0%| F|  |TAMS 0x000000068d300000, 0x000000068d300000| Untracked 
| 202|0x000000068d400000, 0x000000068d400000, 0x000000068d500000|  0%| F|  |TAMS 0x000000068d400000, 0x000000068d400000| Untracked 
| 203|0x000000068d500000, 0x000000068d500000, 0x000000068d600000|  0%| F|  |TAMS 0x000000068d500000, 0x000000068d500000| Untracked 
| 204|0x000000068d600000, 0x000000068d600000, 0x000000068d700000|  0%| F|  |TAMS 0x000000068d600000, 0x000000068d600000| Untracked 
| 205|0x000000068d700000, 0x000000068d700000, 0x000000068d800000|  0%| F|  |TAMS 0x000000068d700000, 0x000000068d700000| Untracked 
| 206|0x000000068d800000, 0x000000068d800000, 0x000000068d900000|  0%| F|  |TAMS 0x000000068d800000, 0x000000068d800000| Untracked 
| 207|0x000000068d900000, 0x000000068d900000, 0x000000068da00000|  0%| F|  |TAMS 0x000000068d900000, 0x000000068d900000| Untracked 
| 208|0x000000068da00000, 0x000000068da00000, 0x000000068db00000|  0%| F|  |TAMS 0x000000068da00000, 0x000000068da00000| Untracked 
| 209|0x000000068db00000, 0x000000068db00000, 0x000000068dc00000|  0%| F|  |TAMS 0x000000068db00000, 0x000000068db00000| Untracked 
| 210|0x000000068dc00000, 0x000000068dc00000, 0x000000068dd00000|  0%| F|  |TAMS 0x000000068dc00000, 0x000000068dc00000| Untracked 
| 211|0x000000068dd00000, 0x000000068dd00000, 0x000000068de00000|  0%| F|  |TAMS 0x000000068dd00000, 0x000000068dd00000| Untracked 
| 212|0x000000068de00000, 0x000000068de00000, 0x000000068df00000|  0%| F|  |TAMS 0x000000068de00000, 0x000000068de00000| Untracked 
| 213|0x000000068df00000, 0x000000068df00000, 0x000000068e000000|  0%| F|  |TAMS 0x000000068df00000, 0x000000068df00000| Untracked 
| 214|0x000000068e000000, 0x000000068e000000, 0x000000068e100000|  0%| F|  |TAMS 0x000000068e000000, 0x000000068e000000| Untracked 
| 215|0x000000068e100000, 0x000000068e100000, 0x000000068e200000|  0%| F|  |TAMS 0x000000068e100000, 0x000000068e100000| Untracked 
| 216|0x000000068e200000, 0x000000068e200000, 0x000000068e300000|  0%| F|  |TAMS 0x000000068e200000, 0x000000068e200000| Untracked 
| 217|0x000000068e300000, 0x000000068e300000, 0x000000068e400000|  0%| F|  |TAMS 0x000000068e300000, 0x000000068e300000| Untracked 
| 218|0x000000068e400000, 0x000000068e400000, 0x000000068e500000|  0%| F|  |TAMS 0x000000068e400000, 0x000000068e400000| Untracked 
| 219|0x000000068e500000, 0x000000068e500000, 0x000000068e600000|  0%| F|  |TAMS 0x000000068e500000, 0x000000068e500000| Untracked 
| 220|0x000000068e600000, 0x000000068e600000, 0x000000068e700000|  0%| F|  |TAMS 0x000000068e600000, 0x000000068e600000| Untracked 
| 221|0x000000068e700000, 0x000000068e700000, 0x000000068e800000|  0%| F|  |TAMS 0x000000068e700000, 0x000000068e700000| Untracked 
| 222|0x000000068e800000, 0x000000068e800000, 0x000000068e900000|  0%| F|  |TAMS 0x000000068e800000, 0x000000068e800000| Untracked 
| 223|0x000000068e900000, 0x000000068e900000, 0x000000068ea00000|  0%| F|  |TAMS 0x000000068e900000, 0x000000068e900000| Untracked 
| 224|0x000000068ea00000, 0x000000068ea00000, 0x000000068eb00000|  0%| F|  |TAMS 0x000000068ea00000, 0x000000068ea00000| Untracked 
| 225|0x000000068eb00000, 0x000000068eb00000, 0x000000068ec00000|  0%| F|  |TAMS 0x000000068eb00000, 0x000000068eb00000| Untracked 
| 226|0x000000068ec00000, 0x000000068ec00000, 0x000000068ed00000|  0%| F|  |TAMS 0x000000068ec00000, 0x000000068ec00000| Untracked 
| 227|0x000000068ed00000, 0x000000068ed00000, 0x000000068ee00000|  0%| F|  |TAMS 0x000000068ed00000, 0x000000068ed00000| Untracked 
| 228|0x000000068ee00000, 0x000000068ee00000, 0x000000068ef00000|  0%| F|  |TAMS 0x000000068ee00000, 0x000000068ee00000| Untracked 
| 229|0x000000068ef00000, 0x000000068ef00000, 0x000000068f000000|  0%| F|  |TAMS 0x000000068ef00000, 0x000000068ef00000| Untracked 
| 230|0x000000068f000000, 0x000000068f000000, 0x000000068f100000|  0%| F|  |TAMS 0x000000068f000000, 0x000000068f000000| Untracked 
| 231|0x000000068f100000, 0x000000068f100000, 0x000000068f200000|  0%| F|  |TAMS 0x000000068f100000, 0x000000068f100000| Untracked 
| 232|0x000000068f200000, 0x000000068f200000, 0x000000068f300000|  0%| F|  |TAMS 0x000000068f200000, 0x000000068f200000| Untracked 
| 233|0x000000068f300000, 0x000000068f300000, 0x000000068f400000|  0%| F|  |TAMS 0x000000068f300000, 0x000000068f300000| Untracked 
| 234|0x000000068f400000, 0x000000068f400000, 0x000000068f500000|  0%| F|  |TAMS 0x000000068f400000, 0x000000068f400000| Untracked 
| 235|0x000000068f500000, 0x000000068f500000, 0x000000068f600000|  0%| F|  |TAMS 0x000000068f500000, 0x000000068f500000| Untracked 
| 236|0x000000068f600000, 0x000000068f600000, 0x000000068f700000|  0%| F|  |TAMS 0x000000068f600000, 0x000000068f600000| Untracked 
| 237|0x000000068f700000, 0x000000068f700000, 0x000000068f800000|  0%| F|  |TAMS 0x000000068f700000, 0x000000068f700000| Untracked 
| 238|0x000000068f800000, 0x000000068f800000, 0x000000068f900000|  0%| F|  |TAMS 0x000000068f800000, 0x000000068f800000| Untracked 
| 239|0x000000068f900000, 0x000000068f900000, 0x000000068fa00000|  0%| F|  |TAMS 0x000000068f900000, 0x000000068f900000| Untracked 
| 240|0x000000068fa00000, 0x000000068fa00000, 0x000000068fb00000|  0%| F|  |TAMS 0x000000068fa00000, 0x000000068fa00000| Untracked 
| 241|0x000000068fb00000, 0x000000068fb00000, 0x000000068fc00000|  0%| F|  |TAMS 0x000000068fb00000, 0x000000068fb00000| Untracked 
| 242|0x000000068fc00000, 0x000000068fc00000, 0x000000068fd00000|  0%| F|  |TAMS 0x000000068fc00000, 0x000000068fc00000| Untracked 
| 243|0x000000068fd00000, 0x000000068fd00000, 0x000000068fe00000|  0%| F|  |TAMS 0x000000068fd00000, 0x000000068fd00000| Untracked 
| 244|0x000000068fe00000, 0x000000068fe00000, 0x000000068ff00000|  0%| F|  |TAMS 0x000000068fe00000, 0x000000068fe00000| Untracked 
| 245|0x000000068ff00000, 0x000000068ff00000, 0x0000000690000000|  0%| F|  |TAMS 0x000000068ff00000, 0x000000068ff00000| Untracked 
| 246|0x0000000690000000, 0x0000000690000000, 0x0000000690100000|  0%| F|  |TAMS 0x0000000690000000, 0x0000000690000000| Untracked 
| 247|0x0000000690100000, 0x0000000690100000, 0x0000000690200000|  0%| F|  |TAMS 0x0000000690100000, 0x0000000690100000| Untracked 
| 248|0x0000000690200000, 0x0000000690200000, 0x0000000690300000|  0%| F|  |TAMS 0x0000000690200000, 0x0000000690200000| Untracked 
| 249|0x0000000690300000, 0x0000000690300000, 0x0000000690400000|  0%| F|  |TAMS 0x0000000690300000, 0x0000000690300000| Untracked 
| 250|0x0000000690400000, 0x0000000690400000, 0x0000000690500000|  0%| F|  |TAMS 0x0000000690400000, 0x0000000690400000| Untracked 
| 251|0x0000000690500000, 0x0000000690500000, 0x0000000690600000|  0%| F|  |TAMS 0x0000000690500000, 0x0000000690500000| Untracked 
| 252|0x0000000690600000, 0x0000000690600000, 0x0000000690700000|  0%| F|  |TAMS 0x0000000690600000, 0x0000000690600000| Untracked 
| 253|0x0000000690700000, 0x0000000690700000, 0x0000000690800000|  0%| F|  |TAMS 0x0000000690700000, 0x0000000690700000| Untracked 
| 254|0x0000000690800000, 0x0000000690800000, 0x0000000690900000|  0%| F|  |TAMS 0x0000000690800000, 0x0000000690800000| Untracked 
| 255|0x0000000690900000, 0x0000000690900000, 0x0000000690a00000|  0%| F|  |TAMS 0x0000000690900000, 0x0000000690900000| Untracked 
| 256|0x0000000690a00000, 0x0000000690a00000, 0x0000000690b00000|  0%| F|  |TAMS 0x0000000690a00000, 0x0000000690a00000| Untracked 
| 257|0x0000000690b00000, 0x0000000690b00000, 0x0000000690c00000|  0%| F|  |TAMS 0x0000000690b00000, 0x0000000690b00000| Untracked 
| 258|0x0000000690c00000, 0x0000000690c00000, 0x0000000690d00000|  0%| F|  |TAMS 0x0000000690c00000, 0x0000000690c00000| Untracked 
| 259|0x0000000690d00000, 0x0000000690d00000, 0x0000000690e00000|  0%| F|  |TAMS 0x0000000690d00000, 0x0000000690d00000| Untracked 
| 260|0x0000000690e00000, 0x0000000690e00000, 0x0000000690f00000|  0%| F|  |TAMS 0x0000000690e00000, 0x0000000690e00000| Untracked 
| 261|0x0000000690f00000, 0x0000000690f00000, 0x0000000691000000|  0%| F|  |TAMS 0x0000000690f00000, 0x0000000690f00000| Untracked 
| 262|0x0000000691000000, 0x0000000691000000, 0x0000000691100000|  0%| F|  |TAMS 0x0000000691000000, 0x0000000691000000| Untracked 
| 263|0x0000000691100000, 0x0000000691100000, 0x0000000691200000|  0%| F|  |TAMS 0x0000000691100000, 0x0000000691100000| Untracked 
| 264|0x0000000691200000, 0x0000000691200000, 0x0000000691300000|  0%| F|  |TAMS 0x0000000691200000, 0x0000000691200000| Untracked 
| 265|0x0000000691300000, 0x0000000691300000, 0x0000000691400000|  0%| F|  |TAMS 0x0000000691300000, 0x0000000691300000| Untracked 
| 266|0x0000000691400000, 0x0000000691400000, 0x0000000691500000|  0%| F|  |TAMS 0x0000000691400000, 0x0000000691400000| Untracked 
| 267|0x0000000691500000, 0x0000000691500000, 0x0000000691600000|  0%| F|  |TAMS 0x0000000691500000, 0x0000000691500000| Untracked 
| 268|0x0000000691600000, 0x0000000691600000, 0x0000000691700000|  0%| F|  |TAMS 0x0000000691600000, 0x0000000691600000| Untracked 
| 269|0x0000000691700000, 0x0000000691700000, 0x0000000691800000|  0%| F|  |TAMS 0x0000000691700000, 0x0000000691700000| Untracked 
| 270|0x0000000691800000, 0x0000000691800000, 0x0000000691900000|  0%| F|  |TAMS 0x0000000691800000, 0x0000000691800000| Untracked 
| 271|0x0000000691900000, 0x0000000691900000, 0x0000000691a00000|  0%| F|  |TAMS 0x0000000691900000, 0x0000000691900000| Untracked 
| 272|0x0000000691a00000, 0x0000000691a00000, 0x0000000691b00000|  0%| F|  |TAMS 0x0000000691a00000, 0x0000000691a00000| Untracked 
| 273|0x0000000691b00000, 0x0000000691b00000, 0x0000000691c00000|  0%| F|  |TAMS 0x0000000691b00000, 0x0000000691b00000| Untracked 
| 274|0x0000000691c00000, 0x0000000691c00000, 0x0000000691d00000|  0%| F|  |TAMS 0x0000000691c00000, 0x0000000691c00000| Untracked 
| 275|0x0000000691d00000, 0x0000000691d00000, 0x0000000691e00000|  0%| F|  |TAMS 0x0000000691d00000, 0x0000000691d00000| Untracked 
| 276|0x0000000691e00000, 0x0000000691e00000, 0x0000000691f00000|  0%| F|  |TAMS 0x0000000691e00000, 0x0000000691e00000| Untracked 
| 277|0x0000000691f00000, 0x0000000691f00000, 0x0000000692000000|  0%| F|  |TAMS 0x0000000691f00000, 0x0000000691f00000| Untracked 
| 278|0x0000000692000000, 0x0000000692000000, 0x0000000692100000|  0%| F|  |TAMS 0x0000000692000000, 0x0000000692000000| Untracked 
| 279|0x0000000692100000, 0x0000000692100000, 0x0000000692200000|  0%| F|  |TAMS 0x0000000692100000, 0x0000000692100000| Untracked 
| 280|0x0000000692200000, 0x0000000692200000, 0x0000000692300000|  0%| F|  |TAMS 0x0000000692200000, 0x0000000692200000| Untracked 
| 281|0x0000000692300000, 0x0000000692300000, 0x0000000692400000|  0%| F|  |TAMS 0x0000000692300000, 0x0000000692300000| Untracked 
| 282|0x0000000692400000, 0x0000000692400000, 0x0000000692500000|  0%| F|  |TAMS 0x0000000692400000, 0x0000000692400000| Untracked 
| 283|0x0000000692500000, 0x0000000692500000, 0x0000000692600000|  0%| F|  |TAMS 0x0000000692500000, 0x0000000692500000| Untracked 
| 284|0x0000000692600000, 0x0000000692600000, 0x0000000692700000|  0%| F|  |TAMS 0x0000000692600000, 0x0000000692600000| Untracked 
| 285|0x0000000692700000, 0x0000000692700000, 0x0000000692800000|  0%| F|  |TAMS 0x0000000692700000, 0x0000000692700000| Untracked 
| 286|0x0000000692800000, 0x0000000692800000, 0x0000000692900000|  0%| F|  |TAMS 0x0000000692800000, 0x0000000692800000| Untracked 
| 287|0x0000000692900000, 0x0000000692900000, 0x0000000692a00000|  0%| F|  |TAMS 0x0000000692900000, 0x0000000692900000| Untracked 
| 288|0x0000000692a00000, 0x0000000692a00000, 0x0000000692b00000|  0%| F|  |TAMS 0x0000000692a00000, 0x0000000692a00000| Untracked 
| 289|0x0000000692b00000, 0x0000000692b00000, 0x0000000692c00000|  0%| F|  |TAMS 0x0000000692b00000, 0x0000000692b00000| Untracked 
| 290|0x0000000692c00000, 0x0000000692c00000, 0x0000000692d00000|  0%| F|  |TAMS 0x0000000692c00000, 0x0000000692c00000| Untracked 
| 291|0x0000000692d00000, 0x0000000692d00000, 0x0000000692e00000|  0%| F|  |TAMS 0x0000000692d00000, 0x0000000692d00000| Untracked 
| 292|0x0000000692e00000, 0x0000000692e00000, 0x0000000692f00000|  0%| F|  |TAMS 0x0000000692e00000, 0x0000000692e00000| Untracked 
| 293|0x0000000692f00000, 0x0000000692f00000, 0x0000000693000000|  0%| F|  |TAMS 0x0000000692f00000, 0x0000000692f00000| Untracked 
| 294|0x0000000693000000, 0x0000000693000000, 0x0000000693100000|  0%| F|  |TAMS 0x0000000693000000, 0x0000000693000000| Untracked 
| 295|0x0000000693100000, 0x0000000693100000, 0x0000000693200000|  0%| F|  |TAMS 0x0000000693100000, 0x0000000693100000| Untracked 
| 296|0x0000000693200000, 0x0000000693200000, 0x0000000693300000|  0%| F|  |TAMS 0x0000000693200000, 0x0000000693200000| Untracked 
| 297|0x0000000693300000, 0x0000000693300000, 0x0000000693400000|  0%| F|  |TAMS 0x0000000693300000, 0x0000000693300000| Untracked 
| 298|0x0000000693400000, 0x0000000693400000, 0x0000000693500000|  0%| F|  |TAMS 0x0000000693400000, 0x0000000693400000| Untracked 
| 299|0x0000000693500000, 0x0000000693500000, 0x0000000693600000|  0%| F|  |TAMS 0x0000000693500000, 0x0000000693500000| Untracked 
| 300|0x0000000693600000, 0x0000000693600000, 0x0000000693700000|  0%| F|  |TAMS 0x0000000693600000, 0x0000000693600000| Untracked 
| 301|0x0000000693700000, 0x0000000693700000, 0x0000000693800000|  0%| F|  |TAMS 0x0000000693700000, 0x0000000693700000| Untracked 
| 302|0x0000000693800000, 0x0000000693800000, 0x0000000693900000|  0%| F|  |TAMS 0x0000000693800000, 0x0000000693800000| Untracked 
| 303|0x0000000693900000, 0x0000000693900000, 0x0000000693a00000|  0%| F|  |TAMS 0x0000000693900000, 0x0000000693900000| Untracked 
| 304|0x0000000693a00000, 0x0000000693a00000, 0x0000000693b00000|  0%| F|  |TAMS 0x0000000693a00000, 0x0000000693a00000| Untracked 
| 305|0x0000000693b00000, 0x0000000693b00000, 0x0000000693c00000|  0%| F|  |TAMS 0x0000000693b00000, 0x0000000693b00000| Untracked 
| 306|0x0000000693c00000, 0x0000000693c00000, 0x0000000693d00000|  0%| F|  |TAMS 0x0000000693c00000, 0x0000000693c00000| Untracked 
| 307|0x0000000693d00000, 0x0000000693d00000, 0x0000000693e00000|  0%| F|  |TAMS 0x0000000693d00000, 0x0000000693d00000| Untracked 
| 308|0x0000000693e00000, 0x0000000693e00000, 0x0000000693f00000|  0%| F|  |TAMS 0x0000000693e00000, 0x0000000693e00000| Untracked 
| 309|0x0000000693f00000, 0x0000000693f00000, 0x0000000694000000|  0%| F|  |TAMS 0x0000000693f00000, 0x0000000693f00000| Untracked 
| 310|0x0000000694000000, 0x0000000694000000, 0x0000000694100000|  0%| F|  |TAMS 0x0000000694000000, 0x0000000694000000| Untracked 
| 311|0x0000000694100000, 0x0000000694100000, 0x0000000694200000|  0%| F|  |TAMS 0x0000000694100000, 0x0000000694100000| Untracked 
| 312|0x0000000694200000, 0x0000000694200000, 0x0000000694300000|  0%| F|  |TAMS 0x0000000694200000, 0x0000000694200000| Untracked 
| 313|0x0000000694300000, 0x0000000694300000, 0x0000000694400000|  0%| F|  |TAMS 0x0000000694300000, 0x0000000694300000| Untracked 
| 314|0x0000000694400000, 0x0000000694400000, 0x0000000694500000|  0%| F|  |TAMS 0x0000000694400000, 0x0000000694400000| Untracked 
| 315|0x0000000694500000, 0x0000000694500000, 0x0000000694600000|  0%| F|  |TAMS 0x0000000694500000, 0x0000000694500000| Untracked 
| 316|0x0000000694600000, 0x0000000694600000, 0x0000000694700000|  0%| F|  |TAMS 0x0000000694600000, 0x0000000694600000| Untracked 
| 317|0x0000000694700000, 0x0000000694700000, 0x0000000694800000|  0%| F|  |TAMS 0x0000000694700000, 0x0000000694700000| Untracked 
| 318|0x0000000694800000, 0x0000000694800000, 0x0000000694900000|  0%| F|  |TAMS 0x0000000694800000, 0x0000000694800000| Untracked 
| 319|0x0000000694900000, 0x0000000694900000, 0x0000000694a00000|  0%| F|  |TAMS 0x0000000694900000, 0x0000000694900000| Untracked 
| 320|0x0000000694a00000, 0x0000000694a00000, 0x0000000694b00000|  0%| F|  |TAMS 0x0000000694a00000, 0x0000000694a00000| Untracked 
| 321|0x0000000694b00000, 0x0000000694b00000, 0x0000000694c00000|  0%| F|  |TAMS 0x0000000694b00000, 0x0000000694b00000| Untracked 
| 322|0x0000000694c00000, 0x0000000694c00000, 0x0000000694d00000|  0%| F|  |TAMS 0x0000000694c00000, 0x0000000694c00000| Untracked 
| 323|0x0000000694d00000, 0x0000000694d00000, 0x0000000694e00000|  0%| F|  |TAMS 0x0000000694d00000, 0x0000000694d00000| Untracked 
| 324|0x0000000694e00000, 0x0000000694e00000, 0x0000000694f00000|  0%| F|  |TAMS 0x0000000694e00000, 0x0000000694e00000| Untracked 
| 325|0x0000000694f00000, 0x0000000694f00000, 0x0000000695000000|  0%| F|  |TAMS 0x0000000694f00000, 0x0000000694f00000| Untracked 
| 326|0x0000000695000000, 0x0000000695000000, 0x0000000695100000|  0%| F|  |TAMS 0x0000000695000000, 0x0000000695000000| Untracked 
| 327|0x0000000695100000, 0x0000000695100000, 0x0000000695200000|  0%| F|  |TAMS 0x0000000695100000, 0x0000000695100000| Untracked 
| 328|0x0000000695200000, 0x0000000695200000, 0x0000000695300000|  0%| F|  |TAMS 0x0000000695200000, 0x0000000695200000| Untracked 
| 329|0x0000000695300000, 0x0000000695300000, 0x0000000695400000|  0%| F|  |TAMS 0x0000000695300000, 0x0000000695300000| Untracked 
| 330|0x0000000695400000, 0x0000000695400000, 0x0000000695500000|  0%| F|  |TAMS 0x0000000695400000, 0x0000000695400000| Untracked 
| 331|0x0000000695500000, 0x00000006955302d0, 0x0000000695600000| 18%| S|CS|TAMS 0x0000000695500000, 0x0000000695500000| Complete 
| 332|0x0000000695600000, 0x0000000695700000, 0x0000000695700000|100%| S|CS|TAMS 0x0000000695600000, 0x0000000695600000| Complete 
| 333|0x0000000695700000, 0x0000000695800000, 0x0000000695800000|100%| S|CS|TAMS 0x0000000695700000, 0x0000000695700000| Complete 
| 334|0x0000000695800000, 0x0000000695800000, 0x0000000695900000|  0%| F|  |TAMS 0x0000000695800000, 0x0000000695800000| Untracked 
| 335|0x0000000695900000, 0x0000000695900000, 0x0000000695a00000|  0%| F|  |TAMS 0x0000000695900000, 0x0000000695900000| Untracked 
| 336|0x0000000695a00000, 0x0000000695a00000, 0x0000000695b00000|  0%| F|  |TAMS 0x0000000695a00000, 0x0000000695a00000| Untracked 
| 337|0x0000000695b00000, 0x0000000695b00000, 0x0000000695c00000|  0%| F|  |TAMS 0x0000000695b00000, 0x0000000695b00000| Untracked 
| 338|0x0000000695c00000, 0x0000000695c00000, 0x0000000695d00000|  0%| F|  |TAMS 0x0000000695c00000, 0x0000000695c00000| Untracked 
| 339|0x0000000695d00000, 0x0000000695d00000, 0x0000000695e00000|  0%| F|  |TAMS 0x0000000695d00000, 0x0000000695d00000| Untracked 
| 340|0x0000000695e00000, 0x0000000695e00000, 0x0000000695f00000|  0%| F|  |TAMS 0x0000000695e00000, 0x0000000695e00000| Untracked 
| 341|0x0000000695f00000, 0x0000000695f00000, 0x0000000696000000|  0%| F|  |TAMS 0x0000000695f00000, 0x0000000695f00000| Untracked 
| 342|0x0000000696000000, 0x0000000696000000, 0x0000000696100000|  0%| F|  |TAMS 0x0000000696000000, 0x0000000696000000| Untracked 
| 343|0x0000000696100000, 0x0000000696100000, 0x0000000696200000|  0%| F|  |TAMS 0x0000000696100000, 0x0000000696100000| Untracked 
| 344|0x0000000696200000, 0x0000000696200000, 0x0000000696300000|  0%| F|  |TAMS 0x0000000696200000, 0x0000000696200000| Untracked 
| 345|0x0000000696300000, 0x0000000696300000, 0x0000000696400000|  0%| F|  |TAMS 0x0000000696300000, 0x0000000696300000| Untracked 
| 346|0x0000000696400000, 0x0000000696400000, 0x0000000696500000|  0%| F|  |TAMS 0x0000000696400000, 0x0000000696400000| Untracked 
| 347|0x0000000696500000, 0x0000000696500000, 0x0000000696600000|  0%| F|  |TAMS 0x0000000696500000, 0x0000000696500000| Untracked 
| 348|0x0000000696600000, 0x0000000696600000, 0x0000000696700000|  0%| F|  |TAMS 0x0000000696600000, 0x0000000696600000| Untracked 
| 349|0x0000000696700000, 0x0000000696700000, 0x0000000696800000|  0%| F|  |TAMS 0x0000000696700000, 0x0000000696700000| Untracked 
| 350|0x0000000696800000, 0x0000000696800000, 0x0000000696900000|  0%| F|  |TAMS 0x0000000696800000, 0x0000000696800000| Untracked 
| 351|0x0000000696900000, 0x0000000696900000, 0x0000000696a00000|  0%| F|  |TAMS 0x0000000696900000, 0x0000000696900000| Untracked 
| 352|0x0000000696a00000, 0x0000000696a00000, 0x0000000696b00000|  0%| F|  |TAMS 0x0000000696a00000, 0x0000000696a00000| Untracked 
| 353|0x0000000696b00000, 0x0000000696b00000, 0x0000000696c00000|  0%| F|  |TAMS 0x0000000696b00000, 0x0000000696b00000| Untracked 
| 354|0x0000000696c00000, 0x0000000696c00000, 0x0000000696d00000|  0%| F|  |TAMS 0x0000000696c00000, 0x0000000696c00000| Untracked 
| 355|0x0000000696d00000, 0x0000000696d00000, 0x0000000696e00000|  0%| F|  |TAMS 0x0000000696d00000, 0x0000000696d00000| Untracked 
| 356|0x0000000696e00000, 0x0000000696e00000, 0x0000000696f00000|  0%| F|  |TAMS 0x0000000696e00000, 0x0000000696e00000| Untracked 
| 357|0x0000000696f00000, 0x0000000696f00000, 0x0000000697000000|  0%| F|  |TAMS 0x0000000696f00000, 0x0000000696f00000| Untracked 
| 358|0x0000000697000000, 0x0000000697000000, 0x0000000697100000|  0%| F|  |TAMS 0x0000000697000000, 0x0000000697000000| Untracked 
| 359|0x0000000697100000, 0x0000000697100000, 0x0000000697200000|  0%| F|  |TAMS 0x0000000697100000, 0x0000000697100000| Untracked 
| 360|0x0000000697200000, 0x0000000697200000, 0x0000000697300000|  0%| F|  |TAMS 0x0000000697200000, 0x0000000697200000| Untracked 
| 361|0x0000000697300000, 0x0000000697300000, 0x0000000697400000|  0%| F|  |TAMS 0x0000000697300000, 0x0000000697300000| Untracked 
| 362|0x0000000697400000, 0x0000000697400000, 0x0000000697500000|  0%| F|  |TAMS 0x0000000697400000, 0x0000000697400000| Untracked 
| 363|0x0000000697500000, 0x0000000697500000, 0x0000000697600000|  0%| F|  |TAMS 0x0000000697500000, 0x0000000697500000| Untracked 
| 364|0x0000000697600000, 0x0000000697600000, 0x0000000697700000|  0%| F|  |TAMS 0x0000000697600000, 0x0000000697600000| Untracked 
| 365|0x0000000697700000, 0x0000000697700000, 0x0000000697800000|  0%| F|  |TAMS 0x0000000697700000, 0x0000000697700000| Untracked 
| 366|0x0000000697800000, 0x0000000697800000, 0x0000000697900000|  0%| F|  |TAMS 0x0000000697800000, 0x0000000697800000| Untracked 
| 367|0x0000000697900000, 0x0000000697900000, 0x0000000697a00000|  0%| F|  |TAMS 0x0000000697900000, 0x0000000697900000| Untracked 
| 368|0x0000000697a00000, 0x0000000697a00000, 0x0000000697b00000|  0%| F|  |TAMS 0x0000000697a00000, 0x0000000697a00000| Untracked 
| 369|0x0000000697b00000, 0x0000000697b00000, 0x0000000697c00000|  0%| F|  |TAMS 0x0000000697b00000, 0x0000000697b00000| Untracked 
| 370|0x0000000697c00000, 0x0000000697c00000, 0x0000000697d00000|  0%| F|  |TAMS 0x0000000697c00000, 0x0000000697c00000| Untracked 
| 371|0x0000000697d00000, 0x0000000697d00000, 0x0000000697e00000|  0%| F|  |TAMS 0x0000000697d00000, 0x0000000697d00000| Untracked 
| 372|0x0000000697e00000, 0x0000000697e00000, 0x0000000697f00000|  0%| F|  |TAMS 0x0000000697e00000, 0x0000000697e00000| Untracked 
| 373|0x0000000697f00000, 0x0000000697f00000, 0x0000000698000000|  0%| F|  |TAMS 0x0000000697f00000, 0x0000000697f00000| Untracked 
| 374|0x0000000698000000, 0x0000000698000000, 0x0000000698100000|  0%| F|  |TAMS 0x0000000698000000, 0x0000000698000000| Untracked 
| 375|0x0000000698100000, 0x0000000698100000, 0x0000000698200000|  0%| F|  |TAMS 0x0000000698100000, 0x0000000698100000| Untracked 
| 376|0x0000000698200000, 0x0000000698200000, 0x0000000698300000|  0%| F|  |TAMS 0x0000000698200000, 0x0000000698200000| Untracked 
| 377|0x0000000698300000, 0x0000000698300000, 0x0000000698400000|  0%| F|  |TAMS 0x0000000698300000, 0x0000000698300000| Untracked 
| 378|0x0000000698400000, 0x0000000698400000, 0x0000000698500000|  0%| F|  |TAMS 0x0000000698400000, 0x0000000698400000| Untracked 
| 379|0x0000000698500000, 0x0000000698600000, 0x0000000698600000|100%| E|  |TAMS 0x0000000698500000, 0x0000000698500000| Complete 
| 380|0x0000000698600000, 0x0000000698700000, 0x0000000698700000|100%| E|CS|TAMS 0x0000000698600000, 0x0000000698600000| Complete 
| 381|0x0000000698700000, 0x0000000698800000, 0x0000000698800000|100%| E|CS|TAMS 0x0000000698700000, 0x0000000698700000| Complete 
| 382|0x0000000698800000, 0x0000000698900000, 0x0000000698900000|100%| E|CS|TAMS 0x0000000698800000, 0x0000000698800000| Complete 
| 383|0x0000000698900000, 0x0000000698a00000, 0x0000000698a00000|100%| E|CS|TAMS 0x0000000698900000, 0x0000000698900000| Complete 

Card table byte_map: [0x00000262a5830000,0x00000262a6430000] _byte_map_base: 0x00000262a242b000

Marking Bits (Prev, Next): (CMBitMap*) 0x000002628b2b6fb8, (CMBitMap*) 0x000002628b2b6ff8
 Prev Bits: [0x00000262a7030000, 0x00000262ad008000)
 Next Bits: [0x00000262ad010000, 0x00000262b2fe8000)

Polling page: 0x0000026295180000

Metaspace:

Usage:
  Non-class:      7.75 MB capacity,     6.72 MB ( 87%) used,     1.02 MB ( 13%) free+waste,    11.38 KB ( <1%) overhead. 
      Class:    594.00 KB capacity,   398.01 KB ( 67%) used,   190.93 KB ( 32%) free+waste,     5.06 KB ( <1%) overhead. 
       Both:      8.33 MB capacity,     7.11 MB ( 85%) used,     1.21 MB ( 14%) free+waste,    16.44 KB ( <1%) overhead. 

Virtual space:
  Non-class space:        8.00 MB reserved,       8.00 MB (100%) committed 
      Class space:        1.00 GB reserved,     640.00 KB ( <1%) committed 
             Both:        1.01 GB reserved,       8.63 MB ( <1%) committed 

Chunk freelists:
   Non-Class:  124.00 KB
       Class:  14.00 KB
        Both:  138.00 KB

MaxMetaspaceSize: 17179869184.00 GB
CompressedClassSpaceSize: 1.00 GB

CodeHeap 'non-profiled nmethods': size=120000Kb used=1555Kb max_used=1555Kb free=118444Kb
 bounds [0x000002629cc90000, 0x000002629cf00000, 0x00000262a41c0000]
CodeHeap 'profiled nmethods': size=120000Kb used=3560Kb max_used=3560Kb free=116439Kb
 bounds [0x0000026295760000, 0x0000026295ae0000, 0x000002629cc90000]
CodeHeap 'non-nmethods': size=5760Kb used=1585Kb max_used=1653Kb free=4174Kb
 bounds [0x00000262951c0000, 0x0000026295430000, 0x0000026295760000]
 total_blobs=3438 nmethods=1574 adapters=885
 compilation: enabled
              stopped_count=0, restarted_count=0
 full_count=0

Compilation events (20 events):
Event: 11.100 Thread 0x00000262b5d92800 1579       2       com.intellij.rt.coverage.data.ClassData::save (148 bytes)
Event: 11.100 Thread 0x00000262b5d92800 nmethod 1579 0x0000026295ad3710 code [0x0000026295ad39c0, 0x0000026295ad4098]
Event: 11.102 Thread 0x00000262b8ff0800 nmethod 1569 0x000002629cdfcc10 code [0x000002629cdfce20, 0x000002629cdfd3e8]
Event: 11.102 Thread 0x00000262b8ff0800 1572  s    4       java.io.BufferedOutputStream::write (35 bytes)
Event: 11.103 Thread 0x00000262be4f7800 nmethod 1564 0x000002629cdfd690 code [0x000002629cdfd8c0, 0x000002629cdfdf18]
Event: 11.103 Thread 0x00000262be4f7800 1578       4       java.util.ArrayList$Itr::hasNext (20 bytes)
Event: 11.104 Thread 0x00000262be4f7800 nmethod 1578 0x000002629cdfe290 code [0x000002629cdfe420, 0x000002629cdfe4d8]
Event: 11.104 Thread 0x00000262be4f7800 1511       4       java.util.HashMap::get (23 bytes)
Event: 11.106 Thread 0x00000262b8ff0800 nmethod 1572 0x000002629cdfe590 code [0x000002629cdfe780, 0x000002629cdfec68]
Event: 11.106 Thread 0x00000262b8ff0800 1576       4       java.util.ArrayList::add (25 bytes)
Event: 11.110 Thread 0x00000262b5d92800 1582 %     3       com.intellij.rt.coverage.data.ClassData::prepareSignaturesMap @ 29 (139 bytes)
Event: 11.110 Thread 0x00000262b5d92800 nmethod 1582% 0x0000026295ad4610 code [0x0000026295ad48a0, 0x0000026295ad57f8]
Event: 11.111 Thread 0x00000262be4f7800 nmethod 1511 0x000002629cdfee90 code [0x000002629cdff0a0, 0x000002629cdff758]
Event: 11.111 Thread 0x00000262be4f7800 1581       4       java.util.regex.Matcher::<init> (95 bytes)
Event: 11.112 Thread 0x00000262b5d92800 1584 %     3       com.intellij.rt.coverage.data.ClassData::save @ 113 (148 bytes)
Event: 11.112 Thread 0x00000262b8ff0800 nmethod 1576 0x000002629cdffb10 code [0x000002629cdffd00, 0x000002629ce00318]
Event: 11.112 Thread 0x00000262b8ff0800 1580   !   4       java.util.regex.Pattern::matcher (44 bytes)
Event: 11.113 Thread 0x00000262b5d92800 nmethod 1584% 0x0000026295ad5d90 code [0x0000026295ad60c0, 0x0000026295ad7678]
Event: 11.117 Thread 0x00000262b5d92800 1585       3       java.util.Arrays::copyOf (40 bytes)
Event: 11.118 Thread 0x00000262b5d92800 nmethod 1585 0x0000026295ad7d10 code [0x0000026295ad7f00, 0x0000026295ad8608]

GC Heap History (6 events):
Event: 1.630 GC heap before
{Heap before GC invocations=0 (full 0):
 garbage-first heap   total 393216K, used 22528K [0x0000000680a00000, 0x0000000800000000)
  region size 1024K, 23 young (23552K), 0 survivors (0K)
 Metaspace       used 3900K, capacity 5566K, committed 5632K, reserved 1056768K
  class space    used 300K, capacity 497K, committed 512K, reserved 1048576K
}
Event: 1.639 GC heap after
{Heap after GC invocations=1 (full 0):
 garbage-first heap   total 393216K, used 6032K [0x0000000680a00000, 0x0000000800000000)
  region size 1024K, 3 young (3072K), 3 survivors (3072K)
 Metaspace       used 3900K, capacity 5566K, committed 5632K, reserved 1056768K
  class space    used 300K, capacity 497K, committed 512K, reserved 1048576K
}
Event: 2.073 GC heap before
{Heap before GC invocations=1 (full 0):
 garbage-first heap   total 393216K, used 33680K [0x0000000680a00000, 0x0000000800000000)
  region size 1024K, 30 young (30720K), 3 survivors (3072K)
 Metaspace       used 6076K, capacity 7601K, committed 7808K, reserved 1056768K
  class space    used 360K, capacity 561K, committed 640K, reserved 1048576K
}
Event: 2.080 GC heap after
{Heap after GC invocations=2 (full 0):
 garbage-first heap   total 393216K, used 9321K [0x0000000680a00000, 0x0000000800000000)
  region size 1024K, 4 young (4096K), 4 survivors (4096K)
 Metaspace       used 6076K, capacity 7601K, committed 7808K, reserved 1056768K
  class space    used 360K, capacity 561K, committed 640K, reserved 1048576K
}
Event: 11.128 GC heap before
{Heap before GC invocations=2 (full 0):
 garbage-first heap   total 393216K, used 56425K [0x0000000680a00000, 0x0000000800000000)
  region size 1024K, 50 young (51200K), 4 survivors (4096K)
 Metaspace       used 7280K, capacity 8534K, committed 8832K, reserved 1056768K
  class space    used 397K, capacity 594K, committed 640K, reserved 1048576K
}
Event: 11.140 GC heap after
{Heap after GC invocations=3 (full 0):
 garbage-first heap   total 393216K, used 9633K [0x0000000680a00000, 0x0000000800000000)
  region size 1024K, 3 young (3072K), 3 survivors (3072K)
 Metaspace       used 7280K, capacity 8534K, committed 8832K, reserved 1056768K
  class space    used 397K, capacity 594K, committed 640K, reserved 1048576K
}

Deoptimization events (20 events):
Event: 11.032 Thread 0x00000262c333e800 DEOPT PACKING pc=0x0000026295ad1f67 sp=0x0000009530afef30
Event: 11.032 Thread 0x00000262c333e800 DEOPT UNPACKING pc=0x000002629520994e sp=0x0000009530afe3f0 mode 0
Event: 11.033 Thread 0x00000262c333e800 DEOPT PACKING pc=0x0000026295ad1f67 sp=0x0000009530afef30
Event: 11.033 Thread 0x00000262c333e800 DEOPT UNPACKING pc=0x000002629520994e sp=0x0000009530afe3f0 mode 0
Event: 11.033 Thread 0x00000262c333e800 DEOPT PACKING pc=0x0000026295ad1f67 sp=0x0000009530afef30
Event: 11.033 Thread 0x00000262c333e800 DEOPT UNPACKING pc=0x000002629520994e sp=0x0000009530afe3f0 mode 0
Event: 11.033 Thread 0x00000262c333e800 DEOPT PACKING pc=0x0000026295ad1f67 sp=0x0000009530afef30
Event: 11.033 Thread 0x00000262c333e800 DEOPT UNPACKING pc=0x000002629520994e sp=0x0000009530afe3f0 mode 0
Event: 11.034 Thread 0x00000262c333e800 DEOPT PACKING pc=0x0000026295ad1f67 sp=0x0000009530afef30
Event: 11.034 Thread 0x00000262c333e800 DEOPT UNPACKING pc=0x000002629520994e sp=0x0000009530afe3f0 mode 0
Event: 11.034 Thread 0x00000262c333e800 DEOPT PACKING pc=0x0000026295ad1f67 sp=0x0000009530afef30
Event: 11.034 Thread 0x00000262c333e800 DEOPT UNPACKING pc=0x000002629520994e sp=0x0000009530afe3f0 mode 0
Event: 11.035 Thread 0x00000262c333e800 DEOPT PACKING pc=0x0000026295ad1f67 sp=0x0000009530afef30
Event: 11.035 Thread 0x00000262c333e800 DEOPT UNPACKING pc=0x000002629520994e sp=0x0000009530afe3f0 mode 0
Event: 11.035 Thread 0x00000262c333e800 DEOPT PACKING pc=0x0000026295ad1f67 sp=0x0000009530afef30
Event: 11.035 Thread 0x00000262c333e800 DEOPT UNPACKING pc=0x000002629520994e sp=0x0000009530afe3f0 mode 0
Event: 11.035 Thread 0x00000262c333e800 DEOPT PACKING pc=0x0000026295ad1f67 sp=0x0000009530afef30
Event: 11.035 Thread 0x00000262c333e800 DEOPT UNPACKING pc=0x000002629520994e sp=0x0000009530afe3f0 mode 0
Event: 11.035 Thread 0x00000262c333e800 DEOPT PACKING pc=0x0000026295ad1f67 sp=0x0000009530afef30
Event: 11.035 Thread 0x00000262c333e800 DEOPT UNPACKING pc=0x000002629520994e sp=0x0000009530afe3f0 mode 0

Classes unloaded (0 events):
No events

Classes redefined (0 events):
No events

Internal exceptions (10 events):
Event: 0.397 Thread 0x000002628b228000 Exception <a 'java/lang/NoSuchMethodError'{0x0000000697f04218}: 'void java.lang.invoke.DelegatingMethodHandle$Holder.delegate(java.lang.Object, java.lang.Object, int, java.lang.Object)'> (0x0000000697f04218) 
thrown [t:/workspace/open/src/hotspot/share/interpreter/linkResolver.cpp, line 766]
Event: 0.399 Thread 0x000002628b228000 Exception <a 'java/lang/NoSuchMethodError'{0x0000000697f0aa78}: 'java.lang.Object java.lang.invoke.DirectMethodHandle$Holder.invokeStaticInit(java.lang.Object, java.lang.Object, java.lang.Object)'> (0x0000000697f0aa78) 
thrown [t:/workspace/open/src/hotspot/share/interpreter/linkResolver.cpp, line 766]
Event: 0.472 Thread 0x000002628b228000 Exception <a 'sun/nio/fs/WindowsException'{0x0000000697ed6e78}> (0x0000000697ed6e78) 
thrown [t:/workspace/open/src/hotspot/share/prims/jni.cpp, line 599]
Event: 0.472 Thread 0x000002628b228000 Exception <a 'sun/nio/fs/WindowsException'{0x0000000697ed8540}> (0x0000000697ed8540) 
thrown [t:/workspace/open/src/hotspot/share/prims/jni.cpp, line 599]
Event: 0.487 Thread 0x000002628b228000 Exception <a 'sun/nio/fs/WindowsException'{0x0000000697d13720}> (0x0000000697d13720) 
thrown [t:/workspace/open/src/hotspot/share/prims/jni.cpp, line 599]
Event: 0.487 Thread 0x000002628b228000 Exception <a 'sun/nio/fs/WindowsException'{0x0000000697d13a90}> (0x0000000697d13a90) 
thrown [t:/workspace/open/src/hotspot/share/prims/jni.cpp, line 599]
Event: 1.591 Thread 0x000002628b228000 Exception <a 'sun/nio/fs/WindowsException'{0x00000006976509c8}> (0x00000006976509c8) 
thrown [t:/workspace/open/src/hotspot/share/prims/jni.cpp, line 599]
Event: 1.591 Thread 0x000002628b228000 Exception <a 'sun/nio/fs/WindowsException'{0x0000000697650d78}> (0x0000000697650d78) 
thrown [t:/workspace/open/src/hotspot/share/prims/jni.cpp, line 599]
Event: 1.598 Thread 0x000002628b228000 Exception <a 'sun/nio/fs/WindowsException'{0x00000006976735d0}> (0x00000006976735d0) 
thrown [t:/workspace/open/src/hotspot/share/prims/jni.cpp, line 599]
Event: 1.598 Thread 0x000002628b228000 Exception <a 'sun/nio/fs/WindowsException'{0x00000006976738b8}> (0x00000006976738b8) 
thrown [t:/workspace/open/src/hotspot/share/prims/jni.cpp, line 599]

Events (20 events):
Event: 10.936 Executing VM operation: HandshakeOneThread done
Event: 10.936 Executing VM operation: HandshakeOneThread
Event: 10.936 Executing VM operation: HandshakeOneThread done
Event: 10.936 Executing VM operation: HandshakeOneThread
Event: 10.936 Executing VM operation: HandshakeOneThread done
Event: 10.937 Thread 0x00000262b776e800 Thread exited: 0x00000262b776e800
Event: 10.940 loading class com/intellij/rt/coverage/instrumentation/SaveHook$1
Event: 10.940 loading class com/intellij/rt/coverage/util/DictionaryLookup
Event: 10.940 loading class com/intellij/rt/coverage/util/DictionaryLookup done
Event: 10.940 loading class com/intellij/rt/coverage/instrumentation/SaveHook$1 done
Event: 10.940 loading class com/intellij/rt/coverage/util/CoverageIOUtil$2
Event: 10.940 loading class com/intellij/rt/coverage/util/CoverageIOUtil$Consumer
Event: 10.940 loading class com/intellij/rt/coverage/util/CoverageIOUtil$Consumer done
Event: 10.940 loading class com/intellij/rt/coverage/util/CoverageIOUtil$2 done
Event: 10.943 Thread 0x00000262b8ff0800 Thread added: 0x00000262b8ff0800
Event: 10.952 loading class com/intellij/rt/coverage/data/JumpsAndSwitches
Event: 10.952 loading class com/intellij/rt/coverage/data/JumpsAndSwitches done
Event: 10.959 Thread 0x00000262be4f7800 Thread added: 0x00000262be4f7800
Event: 11.128 Executing VM operation: G1CollectForAllocation
Event: 11.140 Executing VM operation: G1CollectForAllocation done


Dynamic libraries:
0x00007ff719640000 - 0x00007ff71964f000 	C:\Program Files\Java\jdk-14\bin\java.exe
0x00007ffbf2e30000 - 0x00007ffbf3025000 	C:\WINDOWS\SYSTEM32\ntdll.dll
0x00007ffbcf830000 - 0x00007ffbcf842000 	C:\Program Files\AVAST Software\Avast\aswhook.dll
0x00007ffbf2550000 - 0x00007ffbf260d000 	C:\WINDOWS\System32\KERNEL32.DLL
0x00007ffbf0ac0000 - 0x00007ffbf0d89000 	C:\WINDOWS\System32\KERNELBASE.dll
0x00007ffbf08e0000 - 0x00007ffbf09e0000 	C:\WINDOWS\System32\ucrtbase.dll
0x00007ffbebc10000 - 0x00007ffbebc28000 	C:\Program Files\Java\jdk-14\bin\jli.dll
0x00007ffbd6690000 - 0x00007ffbd66a5000 	C:\Program Files\Java\jdk-14\bin\VCRUNTIME140.dll
0x00007ffbf1600000 - 0x00007ffbf16ac000 	C:\WINDOWS\System32\ADVAPI32.dll
0x00007ffbf2c80000 - 0x00007ffbf2d1e000 	C:\WINDOWS\System32\msvcrt.dll
0x00007ffbf24b0000 - 0x00007ffbf254c000 	C:\WINDOWS\System32\sechost.dll
0x00007ffbf1c30000 - 0x00007ffbf1d5b000 	C:\WINDOWS\System32\RPCRT4.dll
0x00007ffbf1060000 - 0x00007ffbf1200000 	C:\WINDOWS\System32\USER32.dll
0x00007ffbf0830000 - 0x00007ffbf0852000 	C:\WINDOWS\System32\win32u.dll
0x00007ffbd8ac0000 - 0x00007ffbd8d5a000 	C:\WINDOWS\WinSxS\amd64_microsoft.windows.common-controls_6595b64144ccf1df_6.0.19041.844_none_ca00b6081b84eb1d\COMCTL32.dll
0x00007ffbf13b0000 - 0x00007ffbf13da000 	C:\WINDOWS\System32\GDI32.dll
0x00007ffbf0720000 - 0x00007ffbf082b000 	C:\WINDOWS\System32\gdi32full.dll
0x00007ffbf0df0000 - 0x00007ffbf0e8d000 	C:\WINDOWS\System32\msvcp_win.dll
0x00007ffbe6420000 - 0x00007ffbe642a000 	C:\WINDOWS\SYSTEM32\VERSION.dll
0x00007ffbf1b80000 - 0x00007ffbf1bb0000 	C:\WINDOWS\System32\IMM32.DLL
0x00007ffbb60e0000 - 0x00007ffbb617b000 	C:\Program Files\Java\jdk-14\bin\msvcp140.dll
0x00007ffb739b0000 - 0x00007ffb744cf000 	C:\Program Files\Java\jdk-14\bin\server\jvm.dll
0x00007ffbf1570000 - 0x00007ffbf1578000 	C:\WINDOWS\System32\PSAPI.DLL
0x00007ffbe63f0000 - 0x00007ffbe6417000 	C:\WINDOWS\SYSTEM32\WINMM.dll
0x00007ffbe4150000 - 0x00007ffbe4159000 	C:\WINDOWS\SYSTEM32\WSOCK32.dll
0x00007ffbf28b0000 - 0x00007ffbf291b000 	C:\WINDOWS\System32\WS2_32.dll
0x00007ffbee4f0000 - 0x00007ffbee502000 	C:\WINDOWS\SYSTEM32\kernel.appcore.dll
0x00007ffbec000000 - 0x00007ffbec00a000 	C:\Program Files\Java\jdk-14\bin\jimage.dll
0x00007ffbe9180000 - 0x00007ffbe9364000 	C:\WINDOWS\SYSTEM32\DBGHELP.DLL
0x00007ffbe5ae0000 - 0x00007ffbe5b0c000 	C:\WINDOWS\SYSTEM32\dbgcore.DLL
0x00007ffbf0860000 - 0x00007ffbf08e0000 	C:\WINDOWS\System32\bcryptPrimitives.dll
0x00007ffbebb80000 - 0x00007ffbebb8e000 	C:\Program Files\Java\jdk-14\bin\instrument.dll
0x00007ffbd6660000 - 0x00007ffbd6685000 	C:\Program Files\Java\jdk-14\bin\java.dll
0x00007ffbd14a0000 - 0x00007ffbd14b7000 	C:\Program Files\Java\jdk-14\bin\zip.dll
0x00007ffbf1d60000 - 0x00007ffbf24a2000 	C:\WINDOWS\System32\SHELL32.dll
0x00007ffbee6f0000 - 0x00007ffbeee80000 	C:\WINDOWS\SYSTEM32\windows.storage.dll
0x00007ffbf2920000 - 0x00007ffbf2c75000 	C:\WINDOWS\System32\combase.dll
0x00007ffbeffe0000 - 0x00007ffbf000c000 	C:\WINDOWS\SYSTEM32\Wldp.dll
0x00007ffbf0e90000 - 0x00007ffbf0f3e000 	C:\WINDOWS\System32\SHCORE.dll
0x00007ffbf2610000 - 0x00007ffbf2665000 	C:\WINDOWS\System32\shlwapi.dll
0x00007ffbf04b0000 - 0x00007ffbf04cf000 	C:\WINDOWS\SYSTEM32\profapi.dll
0x00007ffbd0fe0000 - 0x00007ffbd0ff9000 	C:\Program Files\Java\jdk-14\bin\net.dll
0x00007ffbe6f00000 - 0x00007ffbe700c000 	C:\WINDOWS\SYSTEM32\WINHTTP.dll
0x00007ffbefd60000 - 0x00007ffbefdca000 	C:\WINDOWS\system32\mswsock.dll
0x00007ffbd0840000 - 0x00007ffbd0852000 	C:\Program Files\Java\jdk-14\bin\nio.dll
0x00007ffbd1af0000 - 0x00007ffbd1b0a000 	C:\Program Files\JetBrains\IntelliJ IDEA 2019.3.4\bin\breakgen64.dll
0x00007ffbb6280000 - 0x00007ffbb62e4000 	C:\Users\bezou\AppData\Local\Temp\lwjglbezou\3.2.3-build-13\lwjgl.dll
0x00007ffbb5a90000 - 0x00007ffbb5af2000 	C:\Users\bezou\AppData\Local\Temp\lwjglbezou\3.2.3-build-13\glfw.dll
0x00007ffbedf90000 - 0x00007ffbee02e000 	C:\WINDOWS\system32\uxtheme.dll
0x00007ffbcf750000 - 0x00007ffbcf795000 	C:\WINDOWS\SYSTEM32\dinput8.dll
0x00007ffbd54d0000 - 0x00007ffbd54e1000 	C:\WINDOWS\SYSTEM32\xinput1_4.dll
0x00007ffbf0570000 - 0x00007ffbf05be000 	C:\WINDOWS\System32\cfgmgr32.dll
0x00007ffbf0320000 - 0x00007ffbf034c000 	C:\WINDOWS\SYSTEM32\DEVOBJ.dll
0x00007ffbee200000 - 0x00007ffbee22f000 	C:\WINDOWS\SYSTEM32\dwmapi.dll
0x00007ffbe4180000 - 0x00007ffbe42d2000 	C:\WINDOWS\SYSTEM32\inputhost.dll
0x00007ffbf2d20000 - 0x00007ffbf2ded000 	C:\WINDOWS\System32\OLEAUT32.dll
0x00007ffbec570000 - 0x00007ffbec6c4000 	C:\WINDOWS\SYSTEM32\wintypes.dll
0x00007ffbed8d0000 - 0x00007ffbedc2e000 	C:\WINDOWS\SYSTEM32\CoreUIComponents.dll
0x00007ffbedc30000 - 0x00007ffbedd22000 	C:\WINDOWS\SYSTEM32\CoreMessaging.dll
0x00007ffbec0b0000 - 0x00007ffbec1a7000 	C:\WINDOWS\SYSTEM32\PROPSYS.dll
0x00007ffbef2c0000 - 0x00007ffbef2f3000 	C:\WINDOWS\SYSTEM32\ntmarta.dll
0x00007ffbf0f40000 - 0x00007ffbf1055000 	C:\WINDOWS\System32\MSCTF.dll
0x00007ffbeee80000 - 0x00007ffbeee8d000 	C:\WINDOWS\SYSTEM32\HID.DLL
0x00007ffbf1710000 - 0x00007ffbf1b79000 	C:\WINDOWS\System32\SETUPAPI.DLL
0x00007ffbf09e0000 - 0x00007ffbf0a07000 	C:\WINDOWS\System32\bcrypt.dll
0x00007ffbf0d90000 - 0x00007ffbf0df0000 	C:\WINDOWS\System32\WINTRUST.dll
0x00007ffbf05c0000 - 0x00007ffbf071f000 	C:\WINDOWS\System32\CRYPT32.dll
0x00007ffbf0160000 - 0x00007ffbf0172000 	C:\WINDOWS\SYSTEM32\MSASN1.dll
0x00007ffbab660000 - 0x00007ffbab786000 	C:\WINDOWS\SYSTEM32\opengl32.dll
0x00007ffbca640000 - 0x00007ffbca66c000 	C:\WINDOWS\SYSTEM32\GLU32.dll
0x00007ffbf2760000 - 0x00007ffbf2809000 	C:\WINDOWS\System32\clbcatq.dll
0x00007ffbca440000 - 0x00007ffbca46a000 	C:\WINDOWS\System32\DriverStore\FileRepository\u0361901.inf_amd64_204a65b18f2a904a\B361909\atig6pxx.dll
0x00007ffba8880000 - 0x00007ffbab654000 	C:\WINDOWS\System32\DriverStore\FileRepository\u0361901.inf_amd64_204a65b18f2a904a\B361909\atio6axx.dll
0x00007ffbf1440000 - 0x00007ffbf156a000 	C:\WINDOWS\System32\ole32.dll
0x00007ffbeafa0000 - 0x00007ffbeafc4000 	C:\WINDOWS\SYSTEM32\dxva2.dll
0x00007ffbc9a50000 - 0x00007ffbc9a8c000 	C:\WINDOWS\System32\DriverStore\FileRepository\u0361901.inf_amd64_204a65b18f2a904a\B361909\atig6txx.dll
0x00007ffba86c0000 - 0x00007ffba887f000 	C:\WINDOWS\SYSTEM32\atiadlxx.dll
0x00007ffbcde90000 - 0x00007ffbcded9000 	C:\WINDOWS\SYSTEM32\pdh.dll
0x00007ffbe6720000 - 0x00007ffbe675b000 	C:\WINDOWS\SYSTEM32\dxcore.dll
0x00007ffbe42e0000 - 0x00007ffbe43db000 	C:\WINDOWS\SYSTEM32\textinputframework.dll
0x00007ffbb5a30000 - 0x00007ffbb5a89000 	C:\Users\bezou\AppData\Local\Temp\lwjglbezou\3.2.3-build-13\lwjgl_opengl.dll

dbghelp: loaded successfully - version: 4.0.5 - missing functions: none
symbol engine: initialized successfully - sym options: 0x614 - pdb path: .;C:\Program Files\Java\jdk-14\bin;C:\WINDOWS\SYSTEM32;C:\Program Files\AVAST Software\Avast;C:\WINDOWS\WinSxS\amd64_microsoft.windows.common-controls_6595b64144ccf1df_6.0.19041.844_none_ca00b6081b84eb1d;C:\Program Files\Java\jdk-14\bin\server;C:\Program Files\JetBrains\IntelliJ IDEA 2019.3.4\bin;C:\Users\bezou\AppData\Local\Temp\lwjglbezou\3.2.3-build-13;C:\WINDOWS\System32\DriverStore\FileRepository\u0361901.inf_amd64_204a65b18f2a904a\B361909

VM Arguments:
jvm_args: -javaagent:C:\Users\bezou\AppData\Local\JetBrains\IntelliJIdea2020.3\testAgent\intellij-coverage-agent-1.0.573.jar=C:\Users\bezou\AppData\Local\Temp\coverage7args -javaagent:C:\Program Files\JetBrains\IntelliJ IDEA 2019.3.4\lib\idea_rt.jar=59418:C:\Program Files\JetBrains\IntelliJ IDEA 2019.3.4\bin -Dfile.encoding=UTF-8 
java_command: Main
java_class_path (initial): C:\Users\bezou\Disk Google\Educanet\2020-2021\Game dev\ekuel gamedev\WindowGL\build\classes\java\main;C:\Users\bezou\Disk Google\Educanet\2020-2021\Game dev\ekuel gamedev\WindowGL\build\resources\main;C:\Users\bezou\.gradle\caches\modules-2\files-2.1\org.lwjgl\lwjgl-assimp\3.2.3\f62aa07a20afbdd3097efc296c4841e0d29700eb\lwjgl-assimp-3.2.3.jar;C:\Users\bezou\.gradle\caches\modules-2\files-2.1\org.lwjgl\lwjgl-glfw\3.2.3\5e520d5c290c8b012545a8d34fa5db5ab051ea53\lwjgl-glfw-3.2.3.jar;C:\Users\bezou\.gradle\caches\modules-2\files-2.1\org.lwjgl\lwjgl-openal\3.2.3\106742e805803ab9eab8e343f0fb31a3d263903c\lwjgl-openal-3.2.3.jar;C:\Users\bezou\.gradle\caches\modules-2\files-2.1\org.lwjgl\lwjgl-opengl\3.2.3\bdd534a323d0c8f54969b95e424b6ac8984f7d6e\lwjgl-opengl-3.2.3.jar;C:\Users\bezou\.gradle\caches\modules-2\files-2.1\org.lwjgl\lwjgl-stb\3.2.3\40eccaa4fa86fc815f2e17946a392fb5fdcc286a\lwjgl-stb-3.2.3.jar;C:\Users\bezou\.gradle\caches\modules-2\files-2.1\org.lwjgl\lwjgl\3.2.3\17a59ba0fe8d474ec9dbe0d5db40d2cfe59c4c08\lwjgl-3.2.3.jar;C:\Users\bezou\.gradle\caches\modules-2\files-2.1\org.joml\joml\1.10.0\a29b8bf72dc1478e9ceea256db214188da94f313\joml-1.10.0.jar;C:\Users\bezou\.gradle\caches\modules-2\files-2.1\org.lwjgl\lwjgl-assimp\3.2.3\4e60aeb75f0343c4a9ede4ef8b6b32ca702a00a3\lwjgl-assimp-3.2.3-natives-windows.jar;C:\Users\bezou\.gradle\caches\modules-2\files-2.1\org.lwjgl\lwjgl-glfw\3.2.3\b4d8a3477cdc2edcf7a5f1e822926be846223f54\lwjgl-glfw-3.2.3-natives-windows.jar;C:\Users\bezou\.gradle\caches\modules-2\files-2.1\org.lwjgl\lwjgl-openal\3.2.3\ec898e8ce11b5886f4f532a1536283ef2817758d\lwjgl-openal-3.2.3-natives-windows.jar;C:\Users\bezou\.gradle\caches\modules-2\files-2.1\org.lwjgl\lwjgl-opengl\3.2.3\e81cfc73ec8708e5e791ed770e4ec3edfc1bbab1\lwjgl-opengl-3.2.3-natives-windows.jar;C:\Users\bezou\.gradle\caches\modules-2\files-2.1\org.lwjgl\lwjgl-stb\3.2.3\817b21ec286f0ba3dcedb56a3bd275e6a9345be9\lwjgl-stb-3.2.3-natives-windows.jar;C:\Users\bezou\.gradl
Launcher Type: SUN_STANDARD

[Global flags]
     intx CICompilerCount                          = 4                                         {product} {ergonomic}
     uint ConcGCThreads                            = 2                                         {product} {ergonomic}
     uint G1ConcRefinementThreads                  = 8                                         {product} {ergonomic}
   size_t G1HeapRegionSize                         = 1048576                                   {product} {ergonomic}
    uintx GCDrainStackTargetSize                   = 64                                        {product} {ergonomic}
   size_t InitialHeapSize                          = 402653184                                 {product} {ergonomic}
   size_t MarkStackSize                            = 4194304                                   {product} {ergonomic}
   size_t MaxHeapSize                              = 6431965184                                {product} {ergonomic}
   size_t MaxNewSize                               = 3858759680                                {product} {ergonomic}
   size_t MinHeapDeltaBytes                        = 1048576                                   {product} {ergonomic}
   size_t MinHeapSize                              = 8388608                                   {product} {ergonomic}
    uintx NonNMethodCodeHeapSize                   = 5839372                                {pd product} {ergonomic}
    uintx NonProfiledCodeHeapSize                  = 122909434                              {pd product} {ergonomic}
    uintx ProfiledCodeHeapSize                     = 122909434                              {pd product} {ergonomic}
    uintx ReservedCodeCacheSize                    = 251658240                              {pd product} {ergonomic}
     bool SegmentedCodeCache                       = true                                      {product} {ergonomic}
   size_t SoftMaxHeapSize                          = 6431965184                             {manageable} {ergonomic}
     bool UseCompressedClassPointers               = true                                 {lp64_product} {ergonomic}
     bool UseCompressedOops                        = true                                 {lp64_product} {ergonomic}
     bool UseG1GC                                  = true                                      {product} {ergonomic}
     bool UseLargePagesIndividualAllocation        = false                                  {pd product} {ergonomic}

Logging:
Log output configuration:
 #0: stdout all=warning uptime,level,tags
 #1: stderr all=off uptime,level,tags

Environment Variables:
CLASSPATH="C:\WINDOWS\system32\QTJava.zip"
PATH=C:\Program Files (x86)\Common Files\Oracle\Java\javapath;C:\Program Files\Oculus\Support\oculus-runtime;C:\Program Files (x86)\NVIDIA Corporation\PhysX\Common;C:\WINDOWS\system32;C:\WINDOWS;C:\WINDOWS\System32\Wbem;C:\WINDOWS\System32\WindowsPowerShell\v1.0\;C:\WINDOWS\System32\OpenSSH\;C:\Program Files\Java\jdk-14\bin;C:\WINDOWS\system32;C:\WINDOWS;C:\WINDOWS\System32\Wbem;C:\WINDOWS\System32\WindowsPowerShell\v1.0\;C:\WINDOWS\System32\OpenSSH\;C:\Program Files (x86)\Windows Live\Shared;C:\Program Files\nodejs\;C:\Program Files\Git\cmd;C:\Maven and wildfly\apache-maven-3.6.3\bin;C:\Program Files (x86)\QuickTime\QTSystem\;C:\Users\bezou\AppData\Local\Microsoft\WindowsApps;C:\Users\bezou\AppData\Local\GitHubDesktop\bin;C:\Users\bezou\AppData\Local\Microsoft\WindowsApps;C:\Users\bezou\AppData\Roaming\npm;C:\Maven and wildfly\apache-maven-3.6.3\bin;
USERNAME=bezou
OS=Windows_NT
PROCESSOR_IDENTIFIER=AMD64 Family 21 Model 2 Stepping 0, AuthenticAMD



---------------  S Y S T E M  ---------------

OS: Windows 10 , 64 bit Build 19041 (10.0.19041.804)
OS uptime: 0 days 4:22 hours

CPU:total 8 (initial active 8) (8 cores per cpu, 1 threads per core) family 21 model 2 stepping 0, cmov, cx8, fxsr, mmx, sse, sse2, sse3, ssse3, sse4.1, sse4.2, popcnt, avx, aes, clmul, mmxext, 3dnowpref, lzcnt, sse4a, tsc, tscinvbit, tscinv, bmi1, fma

Memory: 4k page, system-wide physical 24534M (10183M free)
TotalPageFile size 53206M (AvailPageFile size 29579M)
current process WorkingSet (physical memory assigned to process): 410M, peak: 714M
current process commit charge ("private bytes"): 1038M, peak: 1487M

vm_info: Java HotSpot(TM) 64-Bit Server VM (14+36-1461) for windows-amd64 JRE (14+36-1461), built on Feb  6 2020 19:08:04 by "mach5one" with MS VC++ 15.9 (VS2017)

END.
